<?xml version="1.0" encoding="UTF-8"?>
<testsuite xmlns:xsi="http://www.w3.org/2001/XMLSchema-instance" xsi:noNamespaceSchemaLocation="https://maven.apache.org/surefire/maven-surefire-plugin/xsd/surefire-test-report-3.0.xsd" version="3.0" name="com.techelevator.TesteMaquinaVendasEdgeCoverage" time="2.674" tests="121" errors="0" skipped="0" failures="0">
  <properties>
[...]
</properties>
  <testcase name="Teste7" classname="com.techelevator.TesteMaquinaVendasEdgeCoverage" time="0.068">
    <system-out><![CDATA[menu_principal: Exibindo menu principal
menu_principal: Exibindo menu principal
menu_principal: Exibindo menu principal
e_escolhe_opcao2: Ir para menu de compra
menu_compra_inicio: Entrando no menu de compra
menu_compra: Entrou no menu de compra
e_escolhe_opcao1: Escolhendo a opcao 1
espera_moeda: Espera moeda
e_insere_quantia: Inserindo quantia valida de R$ 10,00
menu_compra: Entrou no menu de compra
e_escolhe_opcao1: Escolhendo a opcao 1
espera_moeda: Espera moeda
e_insere_quantia_invalida: Inserindo quantia invalida de R$ 50,00
menu_compra: Entrou no menu de compra
menu_compra: Entrou no menu de compra
menu_compra: Entrou no menu de compra
e_escolhe_opcao1: Escolhendo a opcao 1
espera_moeda: Espera moeda
e_insere_quantia: Inserindo quantia valida de R$ 10,00
menu_compra: Entrou no menu de compra
e_escolhe_opcao3: Escolhendo a opcao 3
finaliza_acao: Finalizou acao
e_devolve_troco: Devolvendo troco
e_devolve_troco: Devolvendo troco: 80 quarters, 0 dimes, 0 nickels
menu_principal: Exibindo menu principal
menu_principal: Exibindo menu principal
e_escolhe_opcao1: Exibir inventÃ¡rio
A1   Potato Crisps       5 remaining   R$ 3,05
A2   Stackers            5 remaining   R$ 1,45
A3   Grain Waves         5 remaining   R$ 2,75
A4   Cloud Popcorn       5 remaining   R$ 3,65
B1   Moonpie             5 remaining   R$ 1,80
B2   Cowtales            5 remaining   R$ 1,50
B3   Wonka Bar           5 remaining   R$ 1,50
B4   Crunchie            5 remaining   R$ 1,75
C1   Cola                5 remaining   R$ 1,25
C2   Dr. Salt            5 remaining   R$ 1,50
C3   Mountain Melter     5 remaining   R$ 1,50
C4   Heavy               5 remaining   R$ 1,50
D1   U-Chews             5 remaining   R$ 0,85
D2   Little League Chew  5 remaining   R$ 0,95
D3   Chiclets            5 remaining   R$ 0,75
D4   Triplemint          5 remaining   R$ 0,75
exibir_itens: Listando novamente os itens
A1   Potato Crisps       5 remaining   R$ 3,05
A2   Stackers            5 remaining   R$ 1,45
A3   Grain Waves         5 remaining   R$ 2,75
A4   Cloud Popcorn       5 remaining   R$ 3,65
B1   Moonpie             5 remaining   R$ 1,80
B2   Cowtales            5 remaining   R$ 1,50
B3   Wonka Bar           5 remaining   R$ 1,50
B4   Crunchie            5 remaining   R$ 1,75
C1   Cola                5 remaining   R$ 1,25
C2   Dr. Salt            5 remaining   R$ 1,50
C3   Mountain Melter     5 remaining   R$ 1,50
C4   Heavy               5 remaining   R$ 1,50
D1   U-Chews             5 remaining   R$ 0,85
D2   Little League Chew  5 remaining   R$ 0,95
D3   Chiclets            5 remaining   R$ 0,75
D4   Triplemint          5 remaining   R$ 0,75
e_volta_menu: Retornando ao menu principal
menu_principal: Exibindo menu principal
menu_principal: Exibindo menu principal
menu_principal: Exibindo menu principal
e_escolhe_opcao1: Exibir inventÃ¡rio
A1   Potato Crisps       5 remaining   R$ 3,05
A2   Stackers            5 remaining   R$ 1,45
A3   Grain Waves         5 remaining   R$ 2,75
A4   Cloud Popcorn       5 remaining   R$ 3,65
B1   Moonpie             5 remaining   R$ 1,80
B2   Cowtales            5 remaining   R$ 1,50
B3   Wonka Bar           5 remaining   R$ 1,50
B4   Crunchie            5 remaining   R$ 1,75
C1   Cola                5 remaining   R$ 1,25
C2   Dr. Salt            5 remaining   R$ 1,50
C3   Mountain Melter     5 remaining   R$ 1,50
C4   Heavy               5 remaining   R$ 1,50
D1   U-Chews             5 remaining   R$ 0,85
D2   Little League Chew  5 remaining   R$ 0,95
D3   Chiclets            5 remaining   R$ 0,75
D4   Triplemint          5 remaining   R$ 0,75
exibir_itens: Listando novamente os itens
A1   Potato Crisps       5 remaining   R$ 3,05
A2   Stackers            5 remaining   R$ 1,45
A3   Grain Waves         5 remaining   R$ 2,75
A4   Cloud Popcorn       5 remaining   R$ 3,65
B1   Moonpie             5 remaining   R$ 1,80
B2   Cowtales            5 remaining   R$ 1,50
B3   Wonka Bar           5 remaining   R$ 1,50
B4   Crunchie            5 remaining   R$ 1,75
C1   Cola                5 remaining   R$ 1,25
C2   Dr. Salt            5 remaining   R$ 1,50
C3   Mountain Melter     5 remaining   R$ 1,50
C4   Heavy               5 remaining   R$ 1,50
D1   U-Chews             5 remaining   R$ 0,85
D2   Little League Chew  5 remaining   R$ 0,95
D3   Chiclets            5 remaining   R$ 0,75
D4   Triplemint          5 remaining   R$ 0,75
e_volta_menu: Retornando ao menu principal
menu_principal: Exibindo menu principal
menu_principal: Exibindo menu principal
menu_principal: Exibindo menu principal
e_escolhe_opcao2: Ir para menu de compra
menu_compra_inicio: Entrando no menu de compra
menu_compra: Entrou no menu de compra
e_escolhe_opcao2: Escolhendo a opcao 2
espera_produto: Esperando produto
e_insere_codigo_incorreto: Inserindo codigo incorreto: Z3
menu_compra: Entrou no menu de compra
menu_compra: Entrou no menu de compra
menu_compra: Entrou no menu de compra
e_escolhe_opcao1: Escolhendo a opcao 1
espera_moeda: Espera moeda
e_insere_quantia: Inserindo quantia valida de R$ 10,00
menu_compra: Entrou no menu de compra
menu_compra: Entrou no menu de compra
menu_compra: Entrou no menu de compra
e_escolhe_opcao3: Escolhendo a opcao 3
finaliza_acao: Finalizou acao
e_devolve_troco: Devolvendo troco
e_devolve_troco: Devolvendo troco: 40 quarters, 0 dimes, 0 nickels
menu_principal: Exibindo menu principal
menu_principal: Exibindo menu principal
e_escolhe_opcao3: Salvar relatÃ³rio de vendas
encerrar: PÃ³s-finalizaÃ§Ã£o
e_salva_sales_report: Confirmando geraÃ§Ã£o do relatÃ³rio
e_finalizar_programa: Encerrando aplicaÃ§Ã£o
fim: AplicaÃ§Ã£o encerrada
]]></system-out>
  </testcase>
  <testcase name="Teste8" classname="com.techelevator.TesteMaquinaVendasEdgeCoverage" time="0.06">
    <system-out><![CDATA[e_restart: Reiniciando sistema
menu_principal: Exibindo menu principal
menu_principal: Exibindo menu principal
menu_principal: Exibindo menu principal
e_escolhe_opcao2: Ir para menu de compra
menu_compra_inicio: Entrando no menu de compra
menu_compra: Entrou no menu de compra
e_escolhe_opcao2: Escolhendo a opcao 2
espera_produto: Esperando produto
e_insere_codigo_incorreto: Inserindo codigo incorreto: Z3
menu_compra: Entrou no menu de compra
e_escolhe_opcao3: Escolhendo a opcao 3
finaliza_acao: Finalizou acao
e_devolve_troco: Devolvendo troco
e_devolve_troco: Devolvendo troco: 0 quarters, 0 dimes, 0 nickels
menu_principal: Exibindo menu principal
menu_principal: Exibindo menu principal
e_escolhe_opcao1: Exibir inventÃ¡rio
A1   Potato Crisps       5 remaining   R$ 3,05
A2   Stackers            5 remaining   R$ 1,45
A3   Grain Waves         5 remaining   R$ 2,75
A4   Cloud Popcorn       5 remaining   R$ 3,65
B1   Moonpie             5 remaining   R$ 1,80
B2   Cowtales            5 remaining   R$ 1,50
B3   Wonka Bar           5 remaining   R$ 1,50
B4   Crunchie            5 remaining   R$ 1,75
C1   Cola                5 remaining   R$ 1,25
C2   Dr. Salt            5 remaining   R$ 1,50
C3   Mountain Melter     5 remaining   R$ 1,50
C4   Heavy               5 remaining   R$ 1,50
D1   U-Chews             5 remaining   R$ 0,85
D2   Little League Chew  5 remaining   R$ 0,95
D3   Chiclets            5 remaining   R$ 0,75
D4   Triplemint          5 remaining   R$ 0,75
exibir_itens: Listando novamente os itens
A1   Potato Crisps       5 remaining   R$ 3,05
A2   Stackers            5 remaining   R$ 1,45
A3   Grain Waves         5 remaining   R$ 2,75
A4   Cloud Popcorn       5 remaining   R$ 3,65
B1   Moonpie             5 remaining   R$ 1,80
B2   Cowtales            5 remaining   R$ 1,50
B3   Wonka Bar           5 remaining   R$ 1,50
B4   Crunchie            5 remaining   R$ 1,75
C1   Cola                5 remaining   R$ 1,25
C2   Dr. Salt            5 remaining   R$ 1,50
C3   Mountain Melter     5 remaining   R$ 1,50
C4   Heavy               5 remaining   R$ 1,50
D1   U-Chews             5 remaining   R$ 0,85
D2   Little League Chew  5 remaining   R$ 0,95
D3   Chiclets            5 remaining   R$ 0,75
D4   Triplemint          5 remaining   R$ 0,75
e_volta_menu: Retornando ao menu principal
menu_principal: Exibindo menu principal
menu_principal: Exibindo menu principal
menu_principal: Exibindo menu principal
e_escolhe_opcao1: Exibir inventÃ¡rio
A1   Potato Crisps       5 remaining   R$ 3,05
A2   Stackers            5 remaining   R$ 1,45
A3   Grain Waves         5 remaining   R$ 2,75
A4   Cloud Popcorn       5 remaining   R$ 3,65
B1   Moonpie             5 remaining   R$ 1,80
B2   Cowtales            5 remaining   R$ 1,50
B3   Wonka Bar           5 remaining   R$ 1,50
B4   Crunchie            5 remaining   R$ 1,75
C1   Cola                5 remaining   R$ 1,25
C2   Dr. Salt            5 remaining   R$ 1,50
C3   Mountain Melter     5 remaining   R$ 1,50
C4   Heavy               5 remaining   R$ 1,50
D1   U-Chews             5 remaining   R$ 0,85
D2   Little League Chew  5 remaining   R$ 0,95
D3   Chiclets            5 remaining   R$ 0,75
D4   Triplemint          5 remaining   R$ 0,75
exibir_itens: Listando novamente os itens
A1   Potato Crisps       5 remaining   R$ 3,05
A2   Stackers            5 remaining   R$ 1,45
A3   Grain Waves         5 remaining   R$ 2,75
A4   Cloud Popcorn       5 remaining   R$ 3,65
B1   Moonpie             5 remaining   R$ 1,80
B2   Cowtales            5 remaining   R$ 1,50
B3   Wonka Bar           5 remaining   R$ 1,50
B4   Crunchie            5 remaining   R$ 1,75
C1   Cola                5 remaining   R$ 1,25
C2   Dr. Salt            5 remaining   R$ 1,50
C3   Mountain Melter     5 remaining   R$ 1,50
C4   Heavy               5 remaining   R$ 1,50
D1   U-Chews             5 remaining   R$ 0,85
D2   Little League Chew  5 remaining   R$ 0,95
D3   Chiclets            5 remaining   R$ 0,75
D4   Triplemint          5 remaining   R$ 0,75
e_volta_menu: Retornando ao menu principal
menu_principal: Exibindo menu principal
menu_principal: Exibindo menu principal
menu_principal: Exibindo menu principal
e_escolhe_opcao3: Salvar relatÃ³rio de vendas
encerrar: PÃ³s-finalizaÃ§Ã£o
e_salva_sales_report: Confirmando geraÃ§Ã£o do relatÃ³rio
e_finalizar_programa: Encerrando aplicaÃ§Ã£o
fim: AplicaÃ§Ã£o encerrada
]]></system-out>
  </testcase>
  <testcase name="Teste9" classname="com.techelevator.TesteMaquinaVendasEdgeCoverage" time="0.083">
    <system-out><![CDATA[e_restart: Reiniciando sistema
menu_principal: Exibindo menu principal
menu_principal: Exibindo menu principal
menu_principal: Exibindo menu principal
e_escolhe_opcao1: Exibir inventÃ¡rio
A1   Potato Crisps       5 remaining   R$ 3,05
A2   Stackers            5 remaining   R$ 1,45
A3   Grain Waves         5 remaining   R$ 2,75
A4   Cloud Popcorn       5 remaining   R$ 3,65
B1   Moonpie             5 remaining   R$ 1,80
B2   Cowtales            5 remaining   R$ 1,50
B3   Wonka Bar           5 remaining   R$ 1,50
B4   Crunchie            5 remaining   R$ 1,75
C1   Cola                5 remaining   R$ 1,25
C2   Dr. Salt            5 remaining   R$ 1,50
C3   Mountain Melter     5 remaining   R$ 1,50
C4   Heavy               5 remaining   R$ 1,50
D1   U-Chews             5 remaining   R$ 0,85
D2   Little League Chew  5 remaining   R$ 0,95
D3   Chiclets            5 remaining   R$ 0,75
D4   Triplemint          5 remaining   R$ 0,75
exibir_itens: Listando novamente os itens
A1   Potato Crisps       5 remaining   R$ 3,05
A2   Stackers            5 remaining   R$ 1,45
A3   Grain Waves         5 remaining   R$ 2,75
A4   Cloud Popcorn       5 remaining   R$ 3,65
B1   Moonpie             5 remaining   R$ 1,80
B2   Cowtales            5 remaining   R$ 1,50
B3   Wonka Bar           5 remaining   R$ 1,50
B4   Crunchie            5 remaining   R$ 1,75
C1   Cola                5 remaining   R$ 1,25
C2   Dr. Salt            5 remaining   R$ 1,50
C3   Mountain Melter     5 remaining   R$ 1,50
C4   Heavy               5 remaining   R$ 1,50
D1   U-Chews             5 remaining   R$ 0,85
D2   Little League Chew  5 remaining   R$ 0,95
D3   Chiclets            5 remaining   R$ 0,75
D4   Triplemint          5 remaining   R$ 0,75
e_volta_menu: Retornando ao menu principal
menu_principal: Exibindo menu principal
e_escolhe_opcao1: Exibir inventÃ¡rio
A1   Potato Crisps       5 remaining   R$ 3,05
A2   Stackers            5 remaining   R$ 1,45
A3   Grain Waves         5 remaining   R$ 2,75
A4   Cloud Popcorn       5 remaining   R$ 3,65
B1   Moonpie             5 remaining   R$ 1,80
B2   Cowtales            5 remaining   R$ 1,50
B3   Wonka Bar           5 remaining   R$ 1,50
B4   Crunchie            5 remaining   R$ 1,75
C1   Cola                5 remaining   R$ 1,25
C2   Dr. Salt            5 remaining   R$ 1,50
C3   Mountain Melter     5 remaining   R$ 1,50
C4   Heavy               5 remaining   R$ 1,50
D1   U-Chews             5 remaining   R$ 0,85
D2   Little League Chew  5 remaining   R$ 0,95
D3   Chiclets            5 remaining   R$ 0,75
D4   Triplemint          5 remaining   R$ 0,75
exibir_itens: Listando novamente os itens
A1   Potato Crisps       5 remaining   R$ 3,05
A2   Stackers            5 remaining   R$ 1,45
A3   Grain Waves         5 remaining   R$ 2,75
A4   Cloud Popcorn       5 remaining   R$ 3,65
B1   Moonpie             5 remaining   R$ 1,80
B2   Cowtales            5 remaining   R$ 1,50
B3   Wonka Bar           5 remaining   R$ 1,50
B4   Crunchie            5 remaining   R$ 1,75
C1   Cola                5 remaining   R$ 1,25
C2   Dr. Salt            5 remaining   R$ 1,50
C3   Mountain Melter     5 remaining   R$ 1,50
C4   Heavy               5 remaining   R$ 1,50
D1   U-Chews             5 remaining   R$ 0,85
D2   Little League Chew  5 remaining   R$ 0,95
D3   Chiclets            5 remaining   R$ 0,75
D4   Triplemint          5 remaining   R$ 0,75
e_volta_menu: Retornando ao menu principal
menu_principal: Exibindo menu principal
menu_principal: Exibindo menu principal
menu_principal: Exibindo menu principal
e_escolhe_opcao2: Ir para menu de compra
menu_compra_inicio: Entrando no menu de compra
menu_compra: Entrou no menu de compra
e_escolhe_opcao3: Escolhendo a opcao 3
finaliza_acao: Finalizou acao
e_devolve_troco: Devolvendo troco
e_devolve_troco: Devolvendo troco: 0 quarters, 0 dimes, 0 nickels
menu_principal: Exibindo menu principal
menu_principal: Exibindo menu principal
e_escolhe_opcao1: Exibir inventÃ¡rio
A1   Potato Crisps       5 remaining   R$ 3,05
A2   Stackers            5 remaining   R$ 1,45
A3   Grain Waves         5 remaining   R$ 2,75
A4   Cloud Popcorn       5 remaining   R$ 3,65
B1   Moonpie             5 remaining   R$ 1,80
B2   Cowtales            5 remaining   R$ 1,50
B3   Wonka Bar           5 remaining   R$ 1,50
B4   Crunchie            5 remaining   R$ 1,75
C1   Cola                5 remaining   R$ 1,25
C2   Dr. Salt            5 remaining   R$ 1,50
C3   Mountain Melter     5 remaining   R$ 1,50
C4   Heavy               5 remaining   R$ 1,50
D1   U-Chews             5 remaining   R$ 0,85
D2   Little League Chew  5 remaining   R$ 0,95
D3   Chiclets            5 remaining   R$ 0,75
D4   Triplemint          5 remaining   R$ 0,75
exibir_itens: Listando novamente os itens
A1   Potato Crisps       5 remaining   R$ 3,05
A2   Stackers            5 remaining   R$ 1,45
A3   Grain Waves         5 remaining   R$ 2,75
A4   Cloud Popcorn       5 remaining   R$ 3,65
B1   Moonpie             5 remaining   R$ 1,80
B2   Cowtales            5 remaining   R$ 1,50
B3   Wonka Bar           5 remaining   R$ 1,50
B4   Crunchie            5 remaining   R$ 1,75
C1   Cola                5 remaining   R$ 1,25
C2   Dr. Salt            5 remaining   R$ 1,50
C3   Mountain Melter     5 remaining   R$ 1,50
C4   Heavy               5 remaining   R$ 1,50
D1   U-Chews             5 remaining   R$ 0,85
D2   Little League Chew  5 remaining   R$ 0,95
D3   Chiclets            5 remaining   R$ 0,75
D4   Triplemint          5 remaining   R$ 0,75
e_volta_menu: Retornando ao menu principal
menu_principal: Exibindo menu principal
menu_principal: Exibindo menu principal
menu_principal: Exibindo menu principal
e_escolhe_opcao2: Ir para menu de compra
menu_compra_inicio: Entrando no menu de compra
menu_compra: Entrou no menu de compra
e_escolhe_opcao3: Escolhendo a opcao 3
finaliza_acao: Finalizou acao
e_devolve_troco: Devolvendo troco
e_devolve_troco: Devolvendo troco: 0 quarters, 0 dimes, 0 nickels
menu_principal: Exibindo menu principal
menu_principal: Exibindo menu principal
e_escolhe_opcao3: Salvar relatÃ³rio de vendas
encerrar: PÃ³s-finalizaÃ§Ã£o
e_salva_sales_report: Confirmando geraÃ§Ã£o do relatÃ³rio
e_finalizar_programa: Encerrando aplicaÃ§Ã£o
fim: AplicaÃ§Ã£o encerrada
]]></system-out>
  </testcase>
  <testcase name="Teste100" classname="com.techelevator.TesteMaquinaVendasEdgeCoverage" time="0.007">
    <system-out><![CDATA[e_restart: Reiniciando sistema
menu_principal: Exibindo menu principal
e_escolhe_opcao2: Ir para menu de compra
menu_compra_inicio: Entrando no menu de compra
menu_compra: Entrou no menu de compra
e_escolhe_opcao2: Escolhendo a opcao 2
espera_produto: Esperando produto
e_insere_codigo: Inserindo codigo correto: A3 e o preÃ§o do produto e R$ 2,75
verifica_disponibilidade: Verifica disponibilidade
e_produto_disponivel: Verificando se Produto disponivel: 5
verifica_saldo: Verifica se saldo e suficiente
e_verifica_saldo_insuficiente: Verificando que saldo insuficiente sintetico: R$ 0,05 do original R$ 0,00 para preco de produto R$ 2,75
menu_compra: Entrou no menu de compra
menu_compra: Entrou no menu de compra
menu_compra: Entrou no menu de compra
e_escolhe_opcao1: Escolhendo a opcao 1
espera_moeda: Espera moeda
e_insere_quantia: Inserindo quantia valida de R$ 10,00
menu_compra: Entrou no menu de compra
menu_compra: Entrou no menu de compra
menu_compra: Entrou no menu de compra
e_escolhe_opcao1: Escolhendo a opcao 1
espera_moeda: Espera moeda
e_insere_quantia: Inserindo quantia valida de R$ 10,00
menu_compra: Entrou no menu de compra
e_escolhe_opcao1: Escolhendo a opcao 1
espera_moeda: Espera moeda
e_insere_quantia: Inserindo quantia valida de R$ 10,00
menu_compra: Entrou no menu de compra
e_escolhe_opcao1: Escolhendo a opcao 1
espera_moeda: Espera moeda
e_insere_quantia: Inserindo quantia valida de R$ 10,00
menu_compra: Entrou no menu de compra
e_escolhe_opcao3: Escolhendo a opcao 3
finaliza_acao: Finalizou acao
e_devolve_troco: Devolvendo troco
e_devolve_troco: Devolvendo troco: 160 quarters, 0 dimes, 0 nickels
menu_principal: Exibindo menu principal
menu_principal: Exibindo menu principal
e_escolhe_opcao3: Salvar relatÃ³rio de vendas
encerrar: PÃ³s-finalizaÃ§Ã£o
e_salva_sales_report: Confirmando geraÃ§Ã£o do relatÃ³rio
e_finalizar_programa: Encerrando aplicaÃ§Ã£o
fim: AplicaÃ§Ã£o encerrada
]]></system-out>
  </testcase>
  <testcase name="Teste101" classname="com.techelevator.TesteMaquinaVendasEdgeCoverage" time="0.028">
    <system-out><![CDATA[e_restart: Reiniciando sistema
menu_principal: Exibindo menu principal
e_escolhe_opcao1: Exibir inventÃ¡rio
A1   Potato Crisps       5 remaining   R$ 3,05
A2   Stackers            5 remaining   R$ 1,45
A3   Grain Waves         5 remaining   R$ 2,75
A4   Cloud Popcorn       5 remaining   R$ 3,65
B1   Moonpie             5 remaining   R$ 1,80
B2   Cowtales            5 remaining   R$ 1,50
B3   Wonka Bar           5 remaining   R$ 1,50
B4   Crunchie            5 remaining   R$ 1,75
C1   Cola                5 remaining   R$ 1,25
C2   Dr. Salt            5 remaining   R$ 1,50
C3   Mountain Melter     5 remaining   R$ 1,50
C4   Heavy               5 remaining   R$ 1,50
D1   U-Chews             5 remaining   R$ 0,85
D2   Little League Chew  5 remaining   R$ 0,95
D3   Chiclets            5 remaining   R$ 0,75
D4   Triplemint          5 remaining   R$ 0,75
exibir_itens: Listando novamente os itens
A1   Potato Crisps       5 remaining   R$ 3,05
A2   Stackers            5 remaining   R$ 1,45
A3   Grain Waves         5 remaining   R$ 2,75
A4   Cloud Popcorn       5 remaining   R$ 3,65
B1   Moonpie             5 remaining   R$ 1,80
B2   Cowtales            5 remaining   R$ 1,50
B3   Wonka Bar           5 remaining   R$ 1,50
B4   Crunchie            5 remaining   R$ 1,75
C1   Cola                5 remaining   R$ 1,25
C2   Dr. Salt            5 remaining   R$ 1,50
C3   Mountain Melter     5 remaining   R$ 1,50
C4   Heavy               5 remaining   R$ 1,50
D1   U-Chews             5 remaining   R$ 0,85
D2   Little League Chew  5 remaining   R$ 0,95
D3   Chiclets            5 remaining   R$ 0,75
D4   Triplemint          5 remaining   R$ 0,75
e_volta_menu: Retornando ao menu principal
menu_principal: Exibindo menu principal
menu_principal: Exibindo menu principal
menu_principal: Exibindo menu principal
e_escolhe_opcao3: Salvar relatÃ³rio de vendas
encerrar: PÃ³s-finalizaÃ§Ã£o
e_salva_sales_report: Confirmando geraÃ§Ã£o do relatÃ³rio
e_finalizar_programa: Encerrando aplicaÃ§Ã£o
fim: AplicaÃ§Ã£o encerrada
]]></system-out>
  </testcase>
  <testcase name="Teste102" classname="com.techelevator.TesteMaquinaVendasEdgeCoverage" time="0.101">
    <system-out><![CDATA[e_restart: Reiniciando sistema
menu_principal: Exibindo menu principal
e_escolhe_opcao1: Exibir inventÃ¡rio
A1   Potato Crisps       5 remaining   R$ 3,05
A2   Stackers            5 remaining   R$ 1,45
A3   Grain Waves         5 remaining   R$ 2,75
A4   Cloud Popcorn       5 remaining   R$ 3,65
B1   Moonpie             5 remaining   R$ 1,80
B2   Cowtales            5 remaining   R$ 1,50
B3   Wonka Bar           5 remaining   R$ 1,50
B4   Crunchie            5 remaining   R$ 1,75
C1   Cola                5 remaining   R$ 1,25
C2   Dr. Salt            5 remaining   R$ 1,50
C3   Mountain Melter     5 remaining   R$ 1,50
C4   Heavy               5 remaining   R$ 1,50
D1   U-Chews             5 remaining   R$ 0,85
D2   Little League Chew  5 remaining   R$ 0,95
D3   Chiclets            5 remaining   R$ 0,75
D4   Triplemint          5 remaining   R$ 0,75
exibir_itens: Listando novamente os itens
A1   Potato Crisps       5 remaining   R$ 3,05
A2   Stackers            5 remaining   R$ 1,45
A3   Grain Waves         5 remaining   R$ 2,75
A4   Cloud Popcorn       5 remaining   R$ 3,65
B1   Moonpie             5 remaining   R$ 1,80
B2   Cowtales            5 remaining   R$ 1,50
B3   Wonka Bar           5 remaining   R$ 1,50
B4   Crunchie            5 remaining   R$ 1,75
C1   Cola                5 remaining   R$ 1,25
C2   Dr. Salt            5 remaining   R$ 1,50
C3   Mountain Melter     5 remaining   R$ 1,50
C4   Heavy               5 remaining   R$ 1,50
D1   U-Chews             5 remaining   R$ 0,85
D2   Little League Chew  5 remaining   R$ 0,95
D3   Chiclets            5 remaining   R$ 0,75
D4   Triplemint          5 remaining   R$ 0,75
e_volta_menu: Retornando ao menu principal
menu_principal: Exibindo menu principal
menu_principal: Exibindo menu principal
menu_principal: Exibindo menu principal
e_escolhe_opcao1: Exibir inventÃ¡rio
A1   Potato Crisps       5 remaining   R$ 3,05
A2   Stackers            5 remaining   R$ 1,45
A3   Grain Waves         5 remaining   R$ 2,75
A4   Cloud Popcorn       5 remaining   R$ 3,65
B1   Moonpie             5 remaining   R$ 1,80
B2   Cowtales            5 remaining   R$ 1,50
B3   Wonka Bar           5 remaining   R$ 1,50
B4   Crunchie            5 remaining   R$ 1,75
C1   Cola                5 remaining   R$ 1,25
C2   Dr. Salt            5 remaining   R$ 1,50
C3   Mountain Melter     5 remaining   R$ 1,50
C4   Heavy               5 remaining   R$ 1,50
D1   U-Chews             5 remaining   R$ 0,85
D2   Little League Chew  5 remaining   R$ 0,95
D3   Chiclets            5 remaining   R$ 0,75
D4   Triplemint          5 remaining   R$ 0,75
exibir_itens: Listando novamente os itens
A1   Potato Crisps       5 remaining   R$ 3,05
A2   Stackers            5 remaining   R$ 1,45
A3   Grain Waves         5 remaining   R$ 2,75
A4   Cloud Popcorn       5 remaining   R$ 3,65
B1   Moonpie             5 remaining   R$ 1,80
B2   Cowtales            5 remaining   R$ 1,50
B3   Wonka Bar           5 remaining   R$ 1,50
B4   Crunchie            5 remaining   R$ 1,75
C1   Cola                5 remaining   R$ 1,25
C2   Dr. Salt            5 remaining   R$ 1,50
C3   Mountain Melter     5 remaining   R$ 1,50
C4   Heavy               5 remaining   R$ 1,50
D1   U-Chews             5 remaining   R$ 0,85
D2   Little League Chew  5 remaining   R$ 0,95
D3   Chiclets            5 remaining   R$ 0,75
D4   Triplemint          5 remaining   R$ 0,75
e_volta_menu: Retornando ao menu principal
menu_principal: Exibindo menu principal
menu_principal: Exibindo menu principal
menu_principal: Exibindo menu principal
e_escolhe_opcao1: Exibir inventÃ¡rio
A1   Potato Crisps       5 remaining   R$ 3,05
A2   Stackers            5 remaining   R$ 1,45
A3   Grain Waves         5 remaining   R$ 2,75
A4   Cloud Popcorn       5 remaining   R$ 3,65
B1   Moonpie             5 remaining   R$ 1,80
B2   Cowtales            5 remaining   R$ 1,50
B3   Wonka Bar           5 remaining   R$ 1,50
B4   Crunchie            5 remaining   R$ 1,75
C1   Cola                5 remaining   R$ 1,25
C2   Dr. Salt            5 remaining   R$ 1,50
C3   Mountain Melter     5 remaining   R$ 1,50
C4   Heavy               5 remaining   R$ 1,50
D1   U-Chews             5 remaining   R$ 0,85
D2   Little League Chew  5 remaining   R$ 0,95
D3   Chiclets            5 remaining   R$ 0,75
D4   Triplemint          5 remaining   R$ 0,75
exibir_itens: Listando novamente os itens
A1   Potato Crisps       5 remaining   R$ 3,05
A2   Stackers            5 remaining   R$ 1,45
A3   Grain Waves         5 remaining   R$ 2,75
A4   Cloud Popcorn       5 remaining   R$ 3,65
B1   Moonpie             5 remaining   R$ 1,80
B2   Cowtales            5 remaining   R$ 1,50
B3   Wonka Bar           5 remaining   R$ 1,50
B4   Crunchie            5 remaining   R$ 1,75
C1   Cola                5 remaining   R$ 1,25
C2   Dr. Salt            5 remaining   R$ 1,50
C3   Mountain Melter     5 remaining   R$ 1,50
C4   Heavy               5 remaining   R$ 1,50
D1   U-Chews             5 remaining   R$ 0,85
D2   Little League Chew  5 remaining   R$ 0,95
D3   Chiclets            5 remaining   R$ 0,75
D4   Triplemint          5 remaining   R$ 0,75
e_volta_menu: Retornando ao menu principal
menu_principal: Exibindo menu principal
menu_principal: Exibindo menu principal
menu_principal: Exibindo menu principal
e_escolhe_opcao3: Salvar relatÃ³rio de vendas
encerrar: PÃ³s-finalizaÃ§Ã£o
e_salva_sales_report: Confirmando geraÃ§Ã£o do relatÃ³rio
e_finalizar_programa: Encerrando aplicaÃ§Ã£o
fim: AplicaÃ§Ã£o encerrada
]]></system-out>
  </testcase>
  <testcase name="Teste103" classname="com.techelevator.TesteMaquinaVendasEdgeCoverage" time="0.038">
    <system-out><![CDATA[e_restart: Reiniciando sistema
menu_principal: Exibindo menu principal
e_escolhe_opcao1: Exibir inventÃ¡rio
A1   Potato Crisps       5 remaining   R$ 3,05
A2   Stackers            5 remaining   R$ 1,45
A3   Grain Waves         5 remaining   R$ 2,75
A4   Cloud Popcorn       5 remaining   R$ 3,65
B1   Moonpie             5 remaining   R$ 1,80
B2   Cowtales            5 remaining   R$ 1,50
B3   Wonka Bar           5 remaining   R$ 1,50
B4   Crunchie            5 remaining   R$ 1,75
C1   Cola                5 remaining   R$ 1,25
C2   Dr. Salt            5 remaining   R$ 1,50
C3   Mountain Melter     5 remaining   R$ 1,50
C4   Heavy               5 remaining   R$ 1,50
D1   U-Chews             5 remaining   R$ 0,85
D2   Little League Chew  5 remaining   R$ 0,95
D3   Chiclets            5 remaining   R$ 0,75
D4   Triplemint          5 remaining   R$ 0,75
exibir_itens: Listando novamente os itens
A1   Potato Crisps       5 remaining   R$ 3,05
A2   Stackers            5 remaining   R$ 1,45
A3   Grain Waves         5 remaining   R$ 2,75
A4   Cloud Popcorn       5 remaining   R$ 3,65
B1   Moonpie             5 remaining   R$ 1,80
B2   Cowtales            5 remaining   R$ 1,50
B3   Wonka Bar           5 remaining   R$ 1,50
B4   Crunchie            5 remaining   R$ 1,75
C1   Cola                5 remaining   R$ 1,25
C2   Dr. Salt            5 remaining   R$ 1,50
C3   Mountain Melter     5 remaining   R$ 1,50
C4   Heavy               5 remaining   R$ 1,50
D1   U-Chews             5 remaining   R$ 0,85
D2   Little League Chew  5 remaining   R$ 0,95
D3   Chiclets            5 remaining   R$ 0,75
D4   Triplemint          5 remaining   R$ 0,75
e_volta_menu: Retornando ao menu principal
menu_principal: Exibindo menu principal
menu_principal: Exibindo menu principal
menu_principal: Exibindo menu principal
e_escolhe_opcao3: Salvar relatÃ³rio de vendas
encerrar: PÃ³s-finalizaÃ§Ã£o
e_salva_sales_report: Confirmando geraÃ§Ã£o do relatÃ³rio
e_finalizar_programa: Encerrando aplicaÃ§Ã£o
fim: AplicaÃ§Ã£o encerrada
]]></system-out>
  </testcase>
  <testcase name="Teste104" classname="com.techelevator.TesteMaquinaVendasEdgeCoverage" time="0.027">
    <system-out><![CDATA[e_restart: Reiniciando sistema
menu_principal: Exibindo menu principal
e_escolhe_opcao1: Exibir inventÃ¡rio
A1   Potato Crisps       5 remaining   R$ 3,05
A2   Stackers            5 remaining   R$ 1,45
A3   Grain Waves         5 remaining   R$ 2,75
A4   Cloud Popcorn       5 remaining   R$ 3,65
B1   Moonpie             5 remaining   R$ 1,80
B2   Cowtales            5 remaining   R$ 1,50
B3   Wonka Bar           5 remaining   R$ 1,50
B4   Crunchie            5 remaining   R$ 1,75
C1   Cola                5 remaining   R$ 1,25
C2   Dr. Salt            5 remaining   R$ 1,50
C3   Mountain Melter     5 remaining   R$ 1,50
C4   Heavy               5 remaining   R$ 1,50
D1   U-Chews             5 remaining   R$ 0,85
D2   Little League Chew  5 remaining   R$ 0,95
D3   Chiclets            5 remaining   R$ 0,75
D4   Triplemint          5 remaining   R$ 0,75
exibir_itens: Listando novamente os itens
A1   Potato Crisps       5 remaining   R$ 3,05
A2   Stackers            5 remaining   R$ 1,45
A3   Grain Waves         5 remaining   R$ 2,75
A4   Cloud Popcorn       5 remaining   R$ 3,65
B1   Moonpie             5 remaining   R$ 1,80
B2   Cowtales            5 remaining   R$ 1,50
B3   Wonka Bar           5 remaining   R$ 1,50
B4   Crunchie            5 remaining   R$ 1,75
C1   Cola                5 remaining   R$ 1,25
C2   Dr. Salt            5 remaining   R$ 1,50
C3   Mountain Melter     5 remaining   R$ 1,50
C4   Heavy               5 remaining   R$ 1,50
D1   U-Chews             5 remaining   R$ 0,85
D2   Little League Chew  5 remaining   R$ 0,95
D3   Chiclets            5 remaining   R$ 0,75
D4   Triplemint          5 remaining   R$ 0,75
e_volta_menu: Retornando ao menu principal
menu_principal: Exibindo menu principal
menu_principal: Exibindo menu principal
menu_principal: Exibindo menu principal
e_escolhe_opcao3: Salvar relatÃ³rio de vendas
encerrar: PÃ³s-finalizaÃ§Ã£o
e_salva_sales_report: Confirmando geraÃ§Ã£o do relatÃ³rio
e_finalizar_programa: Encerrando aplicaÃ§Ã£o
fim: AplicaÃ§Ã£o encerrada
]]></system-out>
  </testcase>
  <testcase name="Teste105" classname="com.techelevator.TesteMaquinaVendasEdgeCoverage" time="0.0">
    <system-out><![CDATA[e_restart: Reiniciando sistema
menu_principal: Exibindo menu principal
e_escolhe_opcao3: Salvar relatÃ³rio de vendas
encerrar: PÃ³s-finalizaÃ§Ã£o
e_salva_sales_report: Confirmando geraÃ§Ã£o do relatÃ³rio
e_finalizar_programa: Encerrando aplicaÃ§Ã£o
fim: AplicaÃ§Ã£o encerrada
]]></system-out>
  </testcase>
  <testcase name="Teste106" classname="com.techelevator.TesteMaquinaVendasEdgeCoverage" time="0.006">
    <system-out><![CDATA[e_restart: Reiniciando sistema
menu_principal: Exibindo menu principal
e_escolhe_opcao3: Salvar relatÃ³rio de vendas
encerrar: PÃ³s-finalizaÃ§Ã£o
e_salva_sales_report: Confirmando geraÃ§Ã£o do relatÃ³rio
e_finalizar_programa: Encerrando aplicaÃ§Ã£o
fim: AplicaÃ§Ã£o encerrada
]]></system-out>
  </testcase>
  <testcase name="Teste107" classname="com.techelevator.TesteMaquinaVendasEdgeCoverage" time="0.036">
    <system-out><![CDATA[e_restart: Reiniciando sistema
menu_principal: Exibindo menu principal
e_escolhe_opcao1: Exibir inventÃ¡rio
A1   Potato Crisps       5 remaining   R$ 3,05
A2   Stackers            5 remaining   R$ 1,45
A3   Grain Waves         5 remaining   R$ 2,75
A4   Cloud Popcorn       5 remaining   R$ 3,65
B1   Moonpie             5 remaining   R$ 1,80
B2   Cowtales            5 remaining   R$ 1,50
B3   Wonka Bar           5 remaining   R$ 1,50
B4   Crunchie            5 remaining   R$ 1,75
C1   Cola                5 remaining   R$ 1,25
C2   Dr. Salt            5 remaining   R$ 1,50
C3   Mountain Melter     5 remaining   R$ 1,50
C4   Heavy               5 remaining   R$ 1,50
D1   U-Chews             5 remaining   R$ 0,85
D2   Little League Chew  5 remaining   R$ 0,95
D3   Chiclets            5 remaining   R$ 0,75
D4   Triplemint          5 remaining   R$ 0,75
exibir_itens: Listando novamente os itens
A1   Potato Crisps       5 remaining   R$ 3,05
A2   Stackers            5 remaining   R$ 1,45
A3   Grain Waves         5 remaining   R$ 2,75
A4   Cloud Popcorn       5 remaining   R$ 3,65
B1   Moonpie             5 remaining   R$ 1,80
B2   Cowtales            5 remaining   R$ 1,50
B3   Wonka Bar           5 remaining   R$ 1,50
B4   Crunchie            5 remaining   R$ 1,75
C1   Cola                5 remaining   R$ 1,25
C2   Dr. Salt            5 remaining   R$ 1,50
C3   Mountain Melter     5 remaining   R$ 1,50
C4   Heavy               5 remaining   R$ 1,50
D1   U-Chews             5 remaining   R$ 0,85
D2   Little League Chew  5 remaining   R$ 0,95
D3   Chiclets            5 remaining   R$ 0,75
D4   Triplemint          5 remaining   R$ 0,75
e_volta_menu: Retornando ao menu principal
menu_principal: Exibindo menu principal
e_escolhe_opcao2: Ir para menu de compra
menu_compra_inicio: Entrando no menu de compra
menu_compra: Entrou no menu de compra
e_escolhe_opcao2: Escolhendo a opcao 2
espera_produto: Esperando produto
e_insere_codigo_incorreto: Inserindo codigo incorreto: Z3
menu_compra: Entrou no menu de compra
e_escolhe_opcao2: Escolhendo a opcao 2
espera_produto: Esperando produto
e_insere_codigo_incorreto: Inserindo codigo incorreto: Z3
menu_compra: Entrou no menu de compra
e_escolhe_opcao2: Escolhendo a opcao 2
espera_produto: Esperando produto
e_insere_codigo: Inserindo codigo correto: A3 e o preÃ§o do produto e R$ 2,75
verifica_disponibilidade: Verifica disponibilidade
e_produto_disponivel: Verificando se Produto disponivel: 5
verifica_saldo: Verifica se saldo e suficiente
e_verifica_saldo_insuficiente: Verificando que saldo insuficiente sintetico: R$ 0,05 do original R$ 0,00 para preco de produto R$ 2,75
menu_compra: Entrou no menu de compra
e_escolhe_opcao1: Escolhendo a opcao 1
espera_moeda: Espera moeda
e_insere_quantia: Inserindo quantia valida de R$ 10,00
menu_compra: Entrou no menu de compra
e_escolhe_opcao1: Escolhendo a opcao 1
espera_moeda: Espera moeda
e_insere_quantia: Inserindo quantia valida de R$ 10,00
menu_compra: Entrou no menu de compra
e_escolhe_opcao1: Escolhendo a opcao 1
espera_moeda: Espera moeda
e_insere_quantia_invalida: Inserindo quantia invalida de R$ 50,00
menu_compra: Entrou no menu de compra
e_escolhe_opcao2: Escolhendo a opcao 2
espera_produto: Esperando produto
e_insere_codigo_incorreto: Inserindo codigo incorreto: Z3
menu_compra: Entrou no menu de compra
menu_compra: Entrou no menu de compra
menu_compra: Entrou no menu de compra
e_escolhe_opcao1: Escolhendo a opcao 1
espera_moeda: Espera moeda
e_insere_quantia_invalida: Inserindo quantia invalida de R$ 50,00
menu_compra: Entrou no menu de compra
e_escolhe_opcao2: Escolhendo a opcao 2
espera_produto: Esperando produto
e_insere_codigo_incorreto: Inserindo codigo incorreto: Z3
menu_compra: Entrou no menu de compra
menu_compra: Entrou no menu de compra
menu_compra: Entrou no menu de compra
e_escolhe_opcao1: Escolhendo a opcao 1
espera_moeda: Espera moeda
e_insere_quantia: Inserindo quantia valida de R$ 10,00
menu_compra: Entrou no menu de compra
e_escolhe_opcao3: Escolhendo a opcao 3
finaliza_acao: Finalizou acao
e_devolve_troco: Devolvendo troco
e_devolve_troco: Devolvendo troco: 120 quarters, 0 dimes, 0 nickels
menu_principal: Exibindo menu principal
menu_principal: Exibindo menu principal
e_escolhe_opcao2: Ir para menu de compra
menu_compra_inicio: Entrando no menu de compra
menu_compra: Entrou no menu de compra
e_escolhe_opcao1: Escolhendo a opcao 1
espera_moeda: Espera moeda
e_insere_quantia_invalida: Inserindo quantia invalida de R$ 50,00
menu_compra: Entrou no menu de compra
e_escolhe_opcao3: Escolhendo a opcao 3
finaliza_acao: Finalizou acao
e_devolve_troco: Devolvendo troco
e_devolve_troco: Devolvendo troco: 0 quarters, 0 dimes, 0 nickels
menu_principal: Exibindo menu principal
menu_principal: Exibindo menu principal
e_escolhe_opcao3: Salvar relatÃ³rio de vendas
encerrar: PÃ³s-finalizaÃ§Ã£o
e_salva_sales_report: Confirmando geraÃ§Ã£o do relatÃ³rio
e_finalizar_programa: Encerrando aplicaÃ§Ã£o
fim: AplicaÃ§Ã£o encerrada
]]></system-out>
  </testcase>
  <testcase name="Teste108" classname="com.techelevator.TesteMaquinaVendasEdgeCoverage" time="0.005">
    <system-out><![CDATA[e_restart: Reiniciando sistema
menu_principal: Exibindo menu principal
menu_principal: Exibindo menu principal
menu_principal: Exibindo menu principal
e_escolhe_opcao3: Salvar relatÃ³rio de vendas
encerrar: PÃ³s-finalizaÃ§Ã£o
e_salva_sales_report: Confirmando geraÃ§Ã£o do relatÃ³rio
e_finalizar_programa: Encerrando aplicaÃ§Ã£o
fim: AplicaÃ§Ã£o encerrada
]]></system-out>
  </testcase>
  <testcase name="Teste109" classname="com.techelevator.TesteMaquinaVendasEdgeCoverage" time="0.0">
    <system-out><![CDATA[e_restart: Reiniciando sistema
menu_principal: Exibindo menu principal
e_escolhe_opcao3: Salvar relatÃ³rio de vendas
encerrar: PÃ³s-finalizaÃ§Ã£o
e_salva_sales_report: Confirmando geraÃ§Ã£o do relatÃ³rio
e_finalizar_programa: Encerrando aplicaÃ§Ã£o
fim: AplicaÃ§Ã£o encerrada
]]></system-out>
  </testcase>
  <testcase name="Teste110" classname="com.techelevator.TesteMaquinaVendasEdgeCoverage" time="0.014">
    <system-out><![CDATA[e_restart: Reiniciando sistema
menu_principal: Exibindo menu principal
menu_principal: Exibindo menu principal
menu_principal: Exibindo menu principal
e_escolhe_opcao3: Salvar relatÃ³rio de vendas
encerrar: PÃ³s-finalizaÃ§Ã£o
e_salva_sales_report: Confirmando geraÃ§Ã£o do relatÃ³rio
e_finalizar_programa: Encerrando aplicaÃ§Ã£o
fim: AplicaÃ§Ã£o encerrada
]]></system-out>
  </testcase>
  <testcase name="Teste111" classname="com.techelevator.TesteMaquinaVendasEdgeCoverage" time="0.035">
    <system-out><![CDATA[e_restart: Reiniciando sistema
menu_principal: Exibindo menu principal
menu_principal: Exibindo menu principal
menu_principal: Exibindo menu principal
e_escolhe_opcao1: Exibir inventÃ¡rio
A1   Potato Crisps       5 remaining   R$ 3,05
A2   Stackers            5 remaining   R$ 1,45
A3   Grain Waves         5 remaining   R$ 2,75
A4   Cloud Popcorn       5 remaining   R$ 3,65
B1   Moonpie             5 remaining   R$ 1,80
B2   Cowtales            5 remaining   R$ 1,50
B3   Wonka Bar           5 remaining   R$ 1,50
B4   Crunchie            5 remaining   R$ 1,75
C1   Cola                5 remaining   R$ 1,25
C2   Dr. Salt            5 remaining   R$ 1,50
C3   Mountain Melter     5 remaining   R$ 1,50
C4   Heavy               5 remaining   R$ 1,50
D1   U-Chews             5 remaining   R$ 0,85
D2   Little League Chew  5 remaining   R$ 0,95
D3   Chiclets            5 remaining   R$ 0,75
D4   Triplemint          5 remaining   R$ 0,75
exibir_itens: Listando novamente os itens
A1   Potato Crisps       5 remaining   R$ 3,05
A2   Stackers            5 remaining   R$ 1,45
A3   Grain Waves         5 remaining   R$ 2,75
A4   Cloud Popcorn       5 remaining   R$ 3,65
B1   Moonpie             5 remaining   R$ 1,80
B2   Cowtales            5 remaining   R$ 1,50
B3   Wonka Bar           5 remaining   R$ 1,50
B4   Crunchie            5 remaining   R$ 1,75
C1   Cola                5 remaining   R$ 1,25
C2   Dr. Salt            5 remaining   R$ 1,50
C3   Mountain Melter     5 remaining   R$ 1,50
C4   Heavy               5 remaining   R$ 1,50
D1   U-Chews             5 remaining   R$ 0,85
D2   Little League Chew  5 remaining   R$ 0,95
D3   Chiclets            5 remaining   R$ 0,75
D4   Triplemint          5 remaining   R$ 0,75
e_volta_menu: Retornando ao menu principal
menu_principal: Exibindo menu principal
e_escolhe_opcao3: Salvar relatÃ³rio de vendas
encerrar: PÃ³s-finalizaÃ§Ã£o
e_salva_sales_report: Confirmando geraÃ§Ã£o do relatÃ³rio
e_finalizar_programa: Encerrando aplicaÃ§Ã£o
fim: AplicaÃ§Ã£o encerrada
]]></system-out>
  </testcase>
  <testcase name="Teste112" classname="com.techelevator.TesteMaquinaVendasEdgeCoverage" time="0.035">
    <system-out><![CDATA[e_restart: Reiniciando sistema
menu_principal: Exibindo menu principal
menu_principal: Exibindo menu principal
menu_principal: Exibindo menu principal
e_escolhe_opcao2: Ir para menu de compra
menu_compra_inicio: Entrando no menu de compra
menu_compra: Entrou no menu de compra
e_escolhe_opcao3: Escolhendo a opcao 3
finaliza_acao: Finalizou acao
e_devolve_troco: Devolvendo troco
e_devolve_troco: Devolvendo troco: 0 quarters, 0 dimes, 0 nickels
menu_principal: Exibindo menu principal
menu_principal: Exibindo menu principal
e_escolhe_opcao1: Exibir inventÃ¡rio
A1   Potato Crisps       5 remaining   R$ 3,05
A2   Stackers            5 remaining   R$ 1,45
A3   Grain Waves         5 remaining   R$ 2,75
A4   Cloud Popcorn       5 remaining   R$ 3,65
B1   Moonpie             5 remaining   R$ 1,80
B2   Cowtales            5 remaining   R$ 1,50
B3   Wonka Bar           5 remaining   R$ 1,50
B4   Crunchie            5 remaining   R$ 1,75
C1   Cola                5 remaining   R$ 1,25
C2   Dr. Salt            5 remaining   R$ 1,50
C3   Mountain Melter     5 remaining   R$ 1,50
C4   Heavy               5 remaining   R$ 1,50
D1   U-Chews             5 remaining   R$ 0,85
D2   Little League Chew  5 remaining   R$ 0,95
D3   Chiclets            5 remaining   R$ 0,75
D4   Triplemint          5 remaining   R$ 0,75
exibir_itens: Listando novamente os itens
A1   Potato Crisps       5 remaining   R$ 3,05
A2   Stackers            5 remaining   R$ 1,45
A3   Grain Waves         5 remaining   R$ 2,75
A4   Cloud Popcorn       5 remaining   R$ 3,65
B1   Moonpie             5 remaining   R$ 1,80
B2   Cowtales            5 remaining   R$ 1,50
B3   Wonka Bar           5 remaining   R$ 1,50
B4   Crunchie            5 remaining   R$ 1,75
C1   Cola                5 remaining   R$ 1,25
C2   Dr. Salt            5 remaining   R$ 1,50
C3   Mountain Melter     5 remaining   R$ 1,50
C4   Heavy               5 remaining   R$ 1,50
D1   U-Chews             5 remaining   R$ 0,85
D2   Little League Chew  5 remaining   R$ 0,95
D3   Chiclets            5 remaining   R$ 0,75
D4   Triplemint          5 remaining   R$ 0,75
e_volta_menu: Retornando ao menu principal
menu_principal: Exibindo menu principal
menu_principal: Exibindo menu principal
menu_principal: Exibindo menu principal
e_escolhe_opcao1: Exibir inventÃ¡rio
A1   Potato Crisps       5 remaining   R$ 3,05
A2   Stackers            5 remaining   R$ 1,45
A3   Grain Waves         5 remaining   R$ 2,75
A4   Cloud Popcorn       5 remaining   R$ 3,65
B1   Moonpie             5 remaining   R$ 1,80
B2   Cowtales            5 remaining   R$ 1,50
B3   Wonka Bar           5 remaining   R$ 1,50
B4   Crunchie            5 remaining   R$ 1,75
C1   Cola                5 remaining   R$ 1,25
C2   Dr. Salt            5 remaining   R$ 1,50
C3   Mountain Melter     5 remaining   R$ 1,50
C4   Heavy               5 remaining   R$ 1,50
D1   U-Chews             5 remaining   R$ 0,85
D2   Little League Chew  5 remaining   R$ 0,95
D3   Chiclets            5 remaining   R$ 0,75
D4   Triplemint          5 remaining   R$ 0,75
exibir_itens: Listando novamente os itens
A1   Potato Crisps       5 remaining   R$ 3,05
A2   Stackers            5 remaining   R$ 1,45
A3   Grain Waves         5 remaining   R$ 2,75
A4   Cloud Popcorn       5 remaining   R$ 3,65
B1   Moonpie             5 remaining   R$ 1,80
B2   Cowtales            5 remaining   R$ 1,50
B3   Wonka Bar           5 remaining   R$ 1,50
B4   Crunchie            5 remaining   R$ 1,75
C1   Cola                5 remaining   R$ 1,25
C2   Dr. Salt            5 remaining   R$ 1,50
C3   Mountain Melter     5 remaining   R$ 1,50
C4   Heavy               5 remaining   R$ 1,50
D1   U-Chews             5 remaining   R$ 0,85
D2   Little League Chew  5 remaining   R$ 0,95
D3   Chiclets            5 remaining   R$ 0,75
D4   Triplemint          5 remaining   R$ 0,75
e_volta_menu: Retornando ao menu principal
menu_principal: Exibindo menu principal
e_escolhe_opcao3: Salvar relatÃ³rio de vendas
encerrar: PÃ³s-finalizaÃ§Ã£o
e_salva_sales_report: Confirmando geraÃ§Ã£o do relatÃ³rio
e_finalizar_programa: Encerrando aplicaÃ§Ã£o
fim: AplicaÃ§Ã£o encerrada
]]></system-out>
  </testcase>
  <testcase name="Teste113" classname="com.techelevator.TesteMaquinaVendasEdgeCoverage" time="0.0">
    <system-out><![CDATA[e_restart: Reiniciando sistema
menu_principal: Exibindo menu principal
e_escolhe_opcao3: Salvar relatÃ³rio de vendas
encerrar: PÃ³s-finalizaÃ§Ã£o
e_salva_sales_report: Confirmando geraÃ§Ã£o do relatÃ³rio
e_finalizar_programa: Encerrando aplicaÃ§Ã£o
fim: AplicaÃ§Ã£o encerrada
]]></system-out>
  </testcase>
  <testcase name="Teste114" classname="com.techelevator.TesteMaquinaVendasEdgeCoverage" time="0.042">
    <system-out><![CDATA[e_restart: Reiniciando sistema
menu_principal: Exibindo menu principal
e_escolhe_opcao1: Exibir inventÃ¡rio
A1   Potato Crisps       5 remaining   R$ 3,05
A2   Stackers            5 remaining   R$ 1,45
A3   Grain Waves         5 remaining   R$ 2,75
A4   Cloud Popcorn       5 remaining   R$ 3,65
B1   Moonpie             5 remaining   R$ 1,80
B2   Cowtales            5 remaining   R$ 1,50
B3   Wonka Bar           5 remaining   R$ 1,50
B4   Crunchie            5 remaining   R$ 1,75
C1   Cola                5 remaining   R$ 1,25
C2   Dr. Salt            5 remaining   R$ 1,50
C3   Mountain Melter     5 remaining   R$ 1,50
C4   Heavy               5 remaining   R$ 1,50
D1   U-Chews             5 remaining   R$ 0,85
D2   Little League Chew  5 remaining   R$ 0,95
D3   Chiclets            5 remaining   R$ 0,75
D4   Triplemint          5 remaining   R$ 0,75
exibir_itens: Listando novamente os itens
A1   Potato Crisps       5 remaining   R$ 3,05
A2   Stackers            5 remaining   R$ 1,45
A3   Grain Waves         5 remaining   R$ 2,75
A4   Cloud Popcorn       5 remaining   R$ 3,65
B1   Moonpie             5 remaining   R$ 1,80
B2   Cowtales            5 remaining   R$ 1,50
B3   Wonka Bar           5 remaining   R$ 1,50
B4   Crunchie            5 remaining   R$ 1,75
C1   Cola                5 remaining   R$ 1,25
C2   Dr. Salt            5 remaining   R$ 1,50
C3   Mountain Melter     5 remaining   R$ 1,50
C4   Heavy               5 remaining   R$ 1,50
D1   U-Chews             5 remaining   R$ 0,85
D2   Little League Chew  5 remaining   R$ 0,95
D3   Chiclets            5 remaining   R$ 0,75
D4   Triplemint          5 remaining   R$ 0,75
e_volta_menu: Retornando ao menu principal
menu_principal: Exibindo menu principal
e_escolhe_opcao2: Ir para menu de compra
menu_compra_inicio: Entrando no menu de compra
menu_compra: Entrou no menu de compra
e_escolhe_opcao1: Escolhendo a opcao 1
espera_moeda: Espera moeda
e_insere_quantia: Inserindo quantia valida de R$ 10,00
menu_compra: Entrou no menu de compra
menu_compra: Entrou no menu de compra
menu_compra: Entrou no menu de compra
e_escolhe_opcao2: Escolhendo a opcao 2
espera_produto: Esperando produto
e_insere_codigo: Inserindo codigo correto: A3 e o preÃ§o do produto e R$ 2,75
verifica_disponibilidade: Verifica disponibilidade
e_produto_disponivel: Verificando se Produto disponivel: 5
verifica_saldo: Verifica se saldo e suficiente
e_verifica_saldo: Verificando que saldo suficiente: R$ 10,00 para preco de produto R$ 2,75
libera_produto: Produto liberado
e_produtto_liberado: Liberando produto
menu_compra: Entrou no menu de compra
menu_compra: Entrou no menu de compra
menu_compra: Entrou no menu de compra
e_escolhe_opcao3: Escolhendo a opcao 3
finaliza_acao: Finalizou acao
e_devolve_troco: Devolvendo troco
e_devolve_troco: Devolvendo troco: 29 quarters, 0 dimes, 0 nickels
menu_principal: Exibindo menu principal
menu_principal: Exibindo menu principal
e_escolhe_opcao1: Exibir inventÃ¡rio
A1   Potato Crisps       5 remaining   R$ 3,05
A2   Stackers            5 remaining   R$ 1,45
A3   Grain Waves         5 remaining   R$ 2,75
A4   Cloud Popcorn       5 remaining   R$ 3,65
B1   Moonpie             5 remaining   R$ 1,80
B2   Cowtales            5 remaining   R$ 1,50
B3   Wonka Bar           5 remaining   R$ 1,50
B4   Crunchie            5 remaining   R$ 1,75
C1   Cola                5 remaining   R$ 1,25
C2   Dr. Salt            5 remaining   R$ 1,50
C3   Mountain Melter     5 remaining   R$ 1,50
C4   Heavy               5 remaining   R$ 1,50
D1   U-Chews             5 remaining   R$ 0,85
D2   Little League Chew  5 remaining   R$ 0,95
D3   Chiclets            5 remaining   R$ 0,75
D4   Triplemint          5 remaining   R$ 0,75
exibir_itens: Listando novamente os itens
A1   Potato Crisps       5 remaining   R$ 3,05
A2   Stackers            5 remaining   R$ 1,45
A3   Grain Waves         5 remaining   R$ 2,75
A4   Cloud Popcorn       5 remaining   R$ 3,65
B1   Moonpie             5 remaining   R$ 1,80
B2   Cowtales            5 remaining   R$ 1,50
B3   Wonka Bar           5 remaining   R$ 1,50
B4   Crunchie            5 remaining   R$ 1,75
C1   Cola                5 remaining   R$ 1,25
C2   Dr. Salt            5 remaining   R$ 1,50
C3   Mountain Melter     5 remaining   R$ 1,50
C4   Heavy               5 remaining   R$ 1,50
D1   U-Chews             5 remaining   R$ 0,85
D2   Little League Chew  5 remaining   R$ 0,95
D3   Chiclets            5 remaining   R$ 0,75
D4   Triplemint          5 remaining   R$ 0,75
e_volta_menu: Retornando ao menu principal
menu_principal: Exibindo menu principal
menu_principal: Exibindo menu principal
menu_principal: Exibindo menu principal
e_escolhe_opcao3: Salvar relatÃ³rio de vendas
encerrar: PÃ³s-finalizaÃ§Ã£o
e_salva_sales_report: Confirmando geraÃ§Ã£o do relatÃ³rio
e_finalizar_programa: Encerrando aplicaÃ§Ã£o
fim: AplicaÃ§Ã£o encerrada
]]></system-out>
  </testcase>
  <testcase name="Teste115" classname="com.techelevator.TesteMaquinaVendasEdgeCoverage" time="0.0">
    <system-out><![CDATA[e_restart: Reiniciando sistema
menu_principal: Exibindo menu principal
menu_principal: Exibindo menu principal
menu_principal: Exibindo menu principal
e_escolhe_opcao3: Salvar relatÃ³rio de vendas
encerrar: PÃ³s-finalizaÃ§Ã£o
e_salva_sales_report: Confirmando geraÃ§Ã£o do relatÃ³rio
e_finalizar_programa: Encerrando aplicaÃ§Ã£o
fim: AplicaÃ§Ã£o encerrada
]]></system-out>
  </testcase>
  <testcase name="Teste116" classname="com.techelevator.TesteMaquinaVendasEdgeCoverage" time="0.035">
    <system-out><![CDATA[e_restart: Reiniciando sistema
menu_principal: Exibindo menu principal
e_escolhe_opcao1: Exibir inventÃ¡rio
A1   Potato Crisps       5 remaining   R$ 3,05
A2   Stackers            5 remaining   R$ 1,45
A3   Grain Waves         5 remaining   R$ 2,75
A4   Cloud Popcorn       5 remaining   R$ 3,65
B1   Moonpie             5 remaining   R$ 1,80
B2   Cowtales            5 remaining   R$ 1,50
B3   Wonka Bar           5 remaining   R$ 1,50
B4   Crunchie            5 remaining   R$ 1,75
C1   Cola                5 remaining   R$ 1,25
C2   Dr. Salt            5 remaining   R$ 1,50
C3   Mountain Melter     5 remaining   R$ 1,50
C4   Heavy               5 remaining   R$ 1,50
D1   U-Chews             5 remaining   R$ 0,85
D2   Little League Chew  5 remaining   R$ 0,95
D3   Chiclets            5 remaining   R$ 0,75
D4   Triplemint          5 remaining   R$ 0,75
exibir_itens: Listando novamente os itens
A1   Potato Crisps       5 remaining   R$ 3,05
A2   Stackers            5 remaining   R$ 1,45
A3   Grain Waves         5 remaining   R$ 2,75
A4   Cloud Popcorn       5 remaining   R$ 3,65
B1   Moonpie             5 remaining   R$ 1,80
B2   Cowtales            5 remaining   R$ 1,50
B3   Wonka Bar           5 remaining   R$ 1,50
B4   Crunchie            5 remaining   R$ 1,75
C1   Cola                5 remaining   R$ 1,25
C2   Dr. Salt            5 remaining   R$ 1,50
C3   Mountain Melter     5 remaining   R$ 1,50
C4   Heavy               5 remaining   R$ 1,50
D1   U-Chews             5 remaining   R$ 0,85
D2   Little League Chew  5 remaining   R$ 0,95
D3   Chiclets            5 remaining   R$ 0,75
D4   Triplemint          5 remaining   R$ 0,75
e_volta_menu: Retornando ao menu principal
menu_principal: Exibindo menu principal
menu_principal: Exibindo menu principal
menu_principal: Exibindo menu principal
e_escolhe_opcao1: Exibir inventÃ¡rio
A1   Potato Crisps       5 remaining   R$ 3,05
A2   Stackers            5 remaining   R$ 1,45
A3   Grain Waves         5 remaining   R$ 2,75
A4   Cloud Popcorn       5 remaining   R$ 3,65
B1   Moonpie             5 remaining   R$ 1,80
B2   Cowtales            5 remaining   R$ 1,50
B3   Wonka Bar           5 remaining   R$ 1,50
B4   Crunchie            5 remaining   R$ 1,75
C1   Cola                5 remaining   R$ 1,25
C2   Dr. Salt            5 remaining   R$ 1,50
C3   Mountain Melter     5 remaining   R$ 1,50
C4   Heavy               5 remaining   R$ 1,50
D1   U-Chews             5 remaining   R$ 0,85
D2   Little League Chew  5 remaining   R$ 0,95
D3   Chiclets            5 remaining   R$ 0,75
D4   Triplemint          5 remaining   R$ 0,75
exibir_itens: Listando novamente os itens
A1   Potato Crisps       5 remaining   R$ 3,05
A2   Stackers            5 remaining   R$ 1,45
A3   Grain Waves         5 remaining   R$ 2,75
A4   Cloud Popcorn       5 remaining   R$ 3,65
B1   Moonpie             5 remaining   R$ 1,80
B2   Cowtales            5 remaining   R$ 1,50
B3   Wonka Bar           5 remaining   R$ 1,50
B4   Crunchie            5 remaining   R$ 1,75
C1   Cola                5 remaining   R$ 1,25
C2   Dr. Salt            5 remaining   R$ 1,50
C3   Mountain Melter     5 remaining   R$ 1,50
C4   Heavy               5 remaining   R$ 1,50
D1   U-Chews             5 remaining   R$ 0,85
D2   Little League Chew  5 remaining   R$ 0,95
D3   Chiclets            5 remaining   R$ 0,75
D4   Triplemint          5 remaining   R$ 0,75
e_volta_menu: Retornando ao menu principal
menu_principal: Exibindo menu principal
menu_principal: Exibindo menu principal
menu_principal: Exibindo menu principal
e_escolhe_opcao3: Salvar relatÃ³rio de vendas
encerrar: PÃ³s-finalizaÃ§Ã£o
e_salva_sales_report: Confirmando geraÃ§Ã£o do relatÃ³rio
e_finalizar_programa: Encerrando aplicaÃ§Ã£o
fim: AplicaÃ§Ã£o encerrada
]]></system-out>
  </testcase>
  <testcase name="Teste117" classname="com.techelevator.TesteMaquinaVendasEdgeCoverage" time="0.0">
    <system-out><![CDATA[e_restart: Reiniciando sistema
menu_principal: Exibindo menu principal
menu_principal: Exibindo menu principal
menu_principal: Exibindo menu principal
e_escolhe_opcao3: Salvar relatÃ³rio de vendas
encerrar: PÃ³s-finalizaÃ§Ã£o
e_salva_sales_report: Confirmando geraÃ§Ã£o do relatÃ³rio
e_finalizar_programa: Encerrando aplicaÃ§Ã£o
fim: AplicaÃ§Ã£o encerrada
]]></system-out>
  </testcase>
  <testcase name="Teste118" classname="com.techelevator.TesteMaquinaVendasEdgeCoverage" time="0.007">
    <system-out><![CDATA[e_restart: Reiniciando sistema
menu_principal: Exibindo menu principal
menu_principal: Exibindo menu principal
menu_principal: Exibindo menu principal
e_escolhe_opcao3: Salvar relatÃ³rio de vendas
encerrar: PÃ³s-finalizaÃ§Ã£o
e_salva_sales_report: Confirmando geraÃ§Ã£o do relatÃ³rio
e_finalizar_programa: Encerrando aplicaÃ§Ã£o
fim: AplicaÃ§Ã£o encerrada
]]></system-out>
  </testcase>
  <testcase name="Teste119" classname="com.techelevator.TesteMaquinaVendasEdgeCoverage" time="0.007">
    <system-out><![CDATA[e_restart: Reiniciando sistema
menu_principal: Exibindo menu principal
e_escolhe_opcao3: Salvar relatÃ³rio de vendas
encerrar: PÃ³s-finalizaÃ§Ã£o
e_salva_sales_report: Confirmando geraÃ§Ã£o do relatÃ³rio
e_finalizar_programa: Encerrando aplicaÃ§Ã£o
fim: AplicaÃ§Ã£o encerrada
]]></system-out>
  </testcase>
  <testcase name="Teste120" classname="com.techelevator.TesteMaquinaVendasEdgeCoverage" time="0.02">
    <system-out><![CDATA[e_restart: Reiniciando sistema
menu_principal: Exibindo menu principal
e_escolhe_opcao2: Ir para menu de compra
menu_compra_inicio: Entrando no menu de compra
menu_compra: Entrou no menu de compra
e_escolhe_opcao1: Escolhendo a opcao 1
espera_moeda: Espera moeda
e_insere_quantia_invalida: Inserindo quantia invalida de R$ 50,00
menu_compra: Entrou no menu de compra
e_escolhe_opcao1: Escolhendo a opcao 1
espera_moeda: Espera moeda
e_insere_quantia: Inserindo quantia valida de R$ 10,00
menu_compra: Entrou no menu de compra
menu_compra: Entrou no menu de compra
menu_compra: Entrou no menu de compra
e_escolhe_opcao1: Escolhendo a opcao 1
espera_moeda: Espera moeda
e_insere_quantia_invalida: Inserindo quantia invalida de R$ 50,00
menu_compra: Entrou no menu de compra
e_escolhe_opcao2: Escolhendo a opcao 2
espera_produto: Esperando produto
e_insere_codigo: Inserindo codigo correto: A3 e o preÃ§o do produto e R$ 2,75
verifica_disponibilidade: Verifica disponibilidade
e_produto_disponivel: Verificando se Produto disponivel: 5
verifica_saldo: Verifica se saldo e suficiente
e_verifica_saldo_insuficiente: Verificando que saldo insuficiente sintetico: R$ 0,05 do original R$ 10,00 para preco de produto R$ 2,75
menu_compra: Entrou no menu de compra
e_escolhe_opcao1: Escolhendo a opcao 1
espera_moeda: Espera moeda
e_insere_quantia_invalida: Inserindo quantia invalida de R$ 50,00
menu_compra: Entrou no menu de compra
menu_compra: Entrou no menu de compra
menu_compra: Entrou no menu de compra
e_escolhe_opcao1: Escolhendo a opcao 1
espera_moeda: Espera moeda
e_insere_quantia: Inserindo quantia valida de R$ 10,00
menu_compra: Entrou no menu de compra
e_escolhe_opcao1: Escolhendo a opcao 1
espera_moeda: Espera moeda
e_insere_quantia_invalida: Inserindo quantia invalida de R$ 50,00
menu_compra: Entrou no menu de compra
menu_compra: Entrou no menu de compra
menu_compra: Entrou no menu de compra
e_escolhe_opcao3: Escolhendo a opcao 3
finaliza_acao: Finalizou acao
e_devolve_troco: Devolvendo troco
e_devolve_troco: Devolvendo troco: 80 quarters, 0 dimes, 0 nickels
menu_principal: Exibindo menu principal
menu_principal: Exibindo menu principal
e_escolhe_opcao3: Salvar relatÃ³rio de vendas
encerrar: PÃ³s-finalizaÃ§Ã£o
e_salva_sales_report: Confirmando geraÃ§Ã£o do relatÃ³rio
e_finalizar_programa: Encerrando aplicaÃ§Ã£o
fim: AplicaÃ§Ã£o encerrada
]]></system-out>
  </testcase>
  <testcase name="Teste121" classname="com.techelevator.TesteMaquinaVendasEdgeCoverage" time="0.029">
    <system-out><![CDATA[e_restart: Reiniciando sistema
menu_principal: Exibindo menu principal
e_escolhe_opcao1: Exibir inventÃ¡rio
A1   Potato Crisps       5 remaining   R$ 3,05
A2   Stackers            5 remaining   R$ 1,45
A3   Grain Waves         5 remaining   R$ 2,75
A4   Cloud Popcorn       5 remaining   R$ 3,65
B1   Moonpie             5 remaining   R$ 1,80
B2   Cowtales            5 remaining   R$ 1,50
B3   Wonka Bar           5 remaining   R$ 1,50
B4   Crunchie            5 remaining   R$ 1,75
C1   Cola                5 remaining   R$ 1,25
C2   Dr. Salt            5 remaining   R$ 1,50
C3   Mountain Melter     5 remaining   R$ 1,50
C4   Heavy               5 remaining   R$ 1,50
D1   U-Chews             5 remaining   R$ 0,85
D2   Little League Chew  5 remaining   R$ 0,95
D3   Chiclets            5 remaining   R$ 0,75
D4   Triplemint          5 remaining   R$ 0,75
exibir_itens: Listando novamente os itens
A1   Potato Crisps       5 remaining   R$ 3,05
A2   Stackers            5 remaining   R$ 1,45
A3   Grain Waves         5 remaining   R$ 2,75
A4   Cloud Popcorn       5 remaining   R$ 3,65
B1   Moonpie             5 remaining   R$ 1,80
B2   Cowtales            5 remaining   R$ 1,50
B3   Wonka Bar           5 remaining   R$ 1,50
B4   Crunchie            5 remaining   R$ 1,75
C1   Cola                5 remaining   R$ 1,25
C2   Dr. Salt            5 remaining   R$ 1,50
C3   Mountain Melter     5 remaining   R$ 1,50
C4   Heavy               5 remaining   R$ 1,50
D1   U-Chews             5 remaining   R$ 0,85
D2   Little League Chew  5 remaining   R$ 0,95
D3   Chiclets            5 remaining   R$ 0,75
D4   Triplemint          5 remaining   R$ 0,75
e_volta_menu: Retornando ao menu principal
menu_principal: Exibindo menu principal
e_escolhe_opcao3: Salvar relatÃ³rio de vendas
encerrar: PÃ³s-finalizaÃ§Ã£o
e_salva_sales_report: Confirmando geraÃ§Ã£o do relatÃ³rio
e_finalizar_programa: Encerrando aplicaÃ§Ã£o
fim: AplicaÃ§Ã£o encerrada
]]></system-out>
  </testcase>
  <testcase name="Teste122" classname="com.techelevator.TesteMaquinaVendasEdgeCoverage" time="0.007">
    <system-out><![CDATA[e_restart: Reiniciando sistema
menu_principal: Exibindo menu principal
e_escolhe_opcao3: Salvar relatÃ³rio de vendas
encerrar: PÃ³s-finalizaÃ§Ã£o
e_salva_sales_report: Confirmando geraÃ§Ã£o do relatÃ³rio
e_finalizar_programa: Encerrando aplicaÃ§Ã£o
fim: AplicaÃ§Ã£o encerrada
]]></system-out>
  </testcase>
  <testcase name="Teste123" classname="com.techelevator.TesteMaquinaVendasEdgeCoverage" time="0.035">
    <system-out><![CDATA[e_restart: Reiniciando sistema
menu_principal: Exibindo menu principal
menu_principal: Exibindo menu principal
menu_principal: Exibindo menu principal
e_escolhe_opcao2: Ir para menu de compra
menu_compra_inicio: Entrando no menu de compra
menu_compra: Entrou no menu de compra
e_escolhe_opcao1: Escolhendo a opcao 1
espera_moeda: Espera moeda
e_insere_quantia_invalida: Inserindo quantia invalida de R$ 50,00
menu_compra: Entrou no menu de compra
menu_compra: Entrou no menu de compra
menu_compra: Entrou no menu de compra
e_escolhe_opcao2: Escolhendo a opcao 2
espera_produto: Esperando produto
e_insere_codigo_incorreto: Inserindo codigo incorreto: Z3
menu_compra: Entrou no menu de compra
e_escolhe_opcao3: Escolhendo a opcao 3
finaliza_acao: Finalizou acao
e_devolve_troco: Devolvendo troco
e_devolve_troco: Devolvendo troco: 0 quarters, 0 dimes, 0 nickels
menu_principal: Exibindo menu principal
menu_principal: Exibindo menu principal
e_escolhe_opcao1: Exibir inventÃ¡rio
A1   Potato Crisps       5 remaining   R$ 3,05
A2   Stackers            5 remaining   R$ 1,45
A3   Grain Waves         5 remaining   R$ 2,75
A4   Cloud Popcorn       5 remaining   R$ 3,65
B1   Moonpie             5 remaining   R$ 1,80
B2   Cowtales            5 remaining   R$ 1,50
B3   Wonka Bar           5 remaining   R$ 1,50
B4   Crunchie            5 remaining   R$ 1,75
C1   Cola                5 remaining   R$ 1,25
C2   Dr. Salt            5 remaining   R$ 1,50
C3   Mountain Melter     5 remaining   R$ 1,50
C4   Heavy               5 remaining   R$ 1,50
D1   U-Chews             5 remaining   R$ 0,85
D2   Little League Chew  5 remaining   R$ 0,95
D3   Chiclets            5 remaining   R$ 0,75
D4   Triplemint          5 remaining   R$ 0,75
exibir_itens: Listando novamente os itens
A1   Potato Crisps       5 remaining   R$ 3,05
A2   Stackers            5 remaining   R$ 1,45
A3   Grain Waves         5 remaining   R$ 2,75
A4   Cloud Popcorn       5 remaining   R$ 3,65
B1   Moonpie             5 remaining   R$ 1,80
B2   Cowtales            5 remaining   R$ 1,50
B3   Wonka Bar           5 remaining   R$ 1,50
B4   Crunchie            5 remaining   R$ 1,75
C1   Cola                5 remaining   R$ 1,25
C2   Dr. Salt            5 remaining   R$ 1,50
C3   Mountain Melter     5 remaining   R$ 1,50
C4   Heavy               5 remaining   R$ 1,50
D1   U-Chews             5 remaining   R$ 0,85
D2   Little League Chew  5 remaining   R$ 0,95
D3   Chiclets            5 remaining   R$ 0,75
D4   Triplemint          5 remaining   R$ 0,75
e_volta_menu: Retornando ao menu principal
menu_principal: Exibindo menu principal
menu_principal: Exibindo menu principal
menu_principal: Exibindo menu principal
e_escolhe_opcao2: Ir para menu de compra
menu_compra_inicio: Entrando no menu de compra
menu_compra: Entrou no menu de compra
e_escolhe_opcao3: Escolhendo a opcao 3
finaliza_acao: Finalizou acao
e_devolve_troco: Devolvendo troco
e_devolve_troco: Devolvendo troco: 0 quarters, 0 dimes, 0 nickels
menu_principal: Exibindo menu principal
menu_principal: Exibindo menu principal
e_escolhe_opcao2: Ir para menu de compra
menu_compra_inicio: Entrando no menu de compra
menu_compra: Entrou no menu de compra
e_escolhe_opcao1: Escolhendo a opcao 1
espera_moeda: Espera moeda
e_insere_quantia_invalida: Inserindo quantia invalida de R$ 50,00
menu_compra: Entrou no menu de compra
menu_compra: Entrou no menu de compra
menu_compra: Entrou no menu de compra
e_escolhe_opcao3: Escolhendo a opcao 3
finaliza_acao: Finalizou acao
e_devolve_troco: Devolvendo troco
e_devolve_troco: Devolvendo troco: 0 quarters, 0 dimes, 0 nickels
menu_principal: Exibindo menu principal
menu_principal: Exibindo menu principal
e_escolhe_opcao3: Salvar relatÃ³rio de vendas
encerrar: PÃ³s-finalizaÃ§Ã£o
e_salva_sales_report: Confirmando geraÃ§Ã£o do relatÃ³rio
e_finalizar_programa: Encerrando aplicaÃ§Ã£o
fim: AplicaÃ§Ã£o encerrada
]]></system-out>
  </testcase>
  <testcase name="Teste124" classname="com.techelevator.TesteMaquinaVendasEdgeCoverage" time="0.005">
    <system-out><![CDATA[e_restart: Reiniciando sistema
menu_principal: Exibindo menu principal
e_escolhe_opcao2: Ir para menu de compra
menu_compra_inicio: Entrando no menu de compra
menu_compra: Entrou no menu de compra
e_escolhe_opcao1: Escolhendo a opcao 1
espera_moeda: Espera moeda
e_insere_quantia: Inserindo quantia valida de R$ 10,00
menu_compra: Entrou no menu de compra
e_escolhe_opcao3: Escolhendo a opcao 3
finaliza_acao: Finalizou acao
e_devolve_troco: Devolvendo troco
e_devolve_troco: Devolvendo troco: 40 quarters, 0 dimes, 0 nickels
menu_principal: Exibindo menu principal
menu_principal: Exibindo menu principal
e_escolhe_opcao2: Ir para menu de compra
menu_compra_inicio: Entrando no menu de compra
menu_compra: Entrou no menu de compra
e_escolhe_opcao3: Escolhendo a opcao 3
finaliza_acao: Finalizou acao
e_devolve_troco: Devolvendo troco
e_devolve_troco: Devolvendo troco: 0 quarters, 0 dimes, 0 nickels
menu_principal: Exibindo menu principal
menu_principal: Exibindo menu principal
e_escolhe_opcao3: Salvar relatÃ³rio de vendas
encerrar: PÃ³s-finalizaÃ§Ã£o
e_salva_sales_report: Confirmando geraÃ§Ã£o do relatÃ³rio
e_finalizar_programa: Encerrando aplicaÃ§Ã£o
fim: AplicaÃ§Ã£o encerrada
]]></system-out>
  </testcase>
  <testcase name="Teste125" classname="com.techelevator.TesteMaquinaVendasEdgeCoverage" time="0.067">
    <system-out><![CDATA[e_restart: Reiniciando sistema
menu_principal: Exibindo menu principal
e_escolhe_opcao1: Exibir inventÃ¡rio
A1   Potato Crisps       5 remaining   R$ 3,05
A2   Stackers            5 remaining   R$ 1,45
A3   Grain Waves         5 remaining   R$ 2,75
A4   Cloud Popcorn       5 remaining   R$ 3,65
B1   Moonpie             5 remaining   R$ 1,80
B2   Cowtales            5 remaining   R$ 1,50
B3   Wonka Bar           5 remaining   R$ 1,50
B4   Crunchie            5 remaining   R$ 1,75
C1   Cola                5 remaining   R$ 1,25
C2   Dr. Salt            5 remaining   R$ 1,50
C3   Mountain Melter     5 remaining   R$ 1,50
C4   Heavy               5 remaining   R$ 1,50
D1   U-Chews             5 remaining   R$ 0,85
D2   Little League Chew  5 remaining   R$ 0,95
D3   Chiclets            5 remaining   R$ 0,75
D4   Triplemint          5 remaining   R$ 0,75
exibir_itens: Listando novamente os itens
A1   Potato Crisps       5 remaining   R$ 3,05
A2   Stackers            5 remaining   R$ 1,45
A3   Grain Waves         5 remaining   R$ 2,75
A4   Cloud Popcorn       5 remaining   R$ 3,65
B1   Moonpie             5 remaining   R$ 1,80
B2   Cowtales            5 remaining   R$ 1,50
B3   Wonka Bar           5 remaining   R$ 1,50
B4   Crunchie            5 remaining   R$ 1,75
C1   Cola                5 remaining   R$ 1,25
C2   Dr. Salt            5 remaining   R$ 1,50
C3   Mountain Melter     5 remaining   R$ 1,50
C4   Heavy               5 remaining   R$ 1,50
D1   U-Chews             5 remaining   R$ 0,85
D2   Little League Chew  5 remaining   R$ 0,95
D3   Chiclets            5 remaining   R$ 0,75
D4   Triplemint          5 remaining   R$ 0,75
e_volta_menu: Retornando ao menu principal
menu_principal: Exibindo menu principal
menu_principal: Exibindo menu principal
menu_principal: Exibindo menu principal
e_escolhe_opcao2: Ir para menu de compra
menu_compra_inicio: Entrando no menu de compra
menu_compra: Entrou no menu de compra
e_escolhe_opcao1: Escolhendo a opcao 1
espera_moeda: Espera moeda
e_insere_quantia_invalida: Inserindo quantia invalida de R$ 50,00
menu_compra: Entrou no menu de compra
menu_compra: Entrou no menu de compra
menu_compra: Entrou no menu de compra
e_escolhe_opcao3: Escolhendo a opcao 3
finaliza_acao: Finalizou acao
e_devolve_troco: Devolvendo troco
e_devolve_troco: Devolvendo troco: 0 quarters, 0 dimes, 0 nickels
menu_principal: Exibindo menu principal
menu_principal: Exibindo menu principal
e_escolhe_opcao2: Ir para menu de compra
menu_compra_inicio: Entrando no menu de compra
menu_compra: Entrou no menu de compra
e_escolhe_opcao3: Escolhendo a opcao 3
finaliza_acao: Finalizou acao
e_devolve_troco: Devolvendo troco
e_devolve_troco: Devolvendo troco: 0 quarters, 0 dimes, 0 nickels
menu_principal: Exibindo menu principal
menu_principal: Exibindo menu principal
e_escolhe_opcao3: Salvar relatÃ³rio de vendas
encerrar: PÃ³s-finalizaÃ§Ã£o
e_salva_sales_report: Confirmando geraÃ§Ã£o do relatÃ³rio
e_finalizar_programa: Encerrando aplicaÃ§Ã£o
fim: AplicaÃ§Ã£o encerrada
]]></system-out>
  </testcase>
  <testcase name="Teste126" classname="com.techelevator.TesteMaquinaVendasEdgeCoverage" time="0.057">
    <system-out><![CDATA[e_restart: Reiniciando sistema
menu_principal: Exibindo menu principal
e_escolhe_opcao1: Exibir inventÃ¡rio
A1   Potato Crisps       5 remaining   R$ 3,05
A2   Stackers            5 remaining   R$ 1,45
A3   Grain Waves         5 remaining   R$ 2,75
A4   Cloud Popcorn       5 remaining   R$ 3,65
B1   Moonpie             5 remaining   R$ 1,80
B2   Cowtales            5 remaining   R$ 1,50
B3   Wonka Bar           5 remaining   R$ 1,50
B4   Crunchie            5 remaining   R$ 1,75
C1   Cola                5 remaining   R$ 1,25
C2   Dr. Salt            5 remaining   R$ 1,50
C3   Mountain Melter     5 remaining   R$ 1,50
C4   Heavy               5 remaining   R$ 1,50
D1   U-Chews             5 remaining   R$ 0,85
D2   Little League Chew  5 remaining   R$ 0,95
D3   Chiclets            5 remaining   R$ 0,75
D4   Triplemint          5 remaining   R$ 0,75
exibir_itens: Listando novamente os itens
A1   Potato Crisps       5 remaining   R$ 3,05
A2   Stackers            5 remaining   R$ 1,45
A3   Grain Waves         5 remaining   R$ 2,75
A4   Cloud Popcorn       5 remaining   R$ 3,65
B1   Moonpie             5 remaining   R$ 1,80
B2   Cowtales            5 remaining   R$ 1,50
B3   Wonka Bar           5 remaining   R$ 1,50
B4   Crunchie            5 remaining   R$ 1,75
C1   Cola                5 remaining   R$ 1,25
C2   Dr. Salt            5 remaining   R$ 1,50
C3   Mountain Melter     5 remaining   R$ 1,50
C4   Heavy               5 remaining   R$ 1,50
D1   U-Chews             5 remaining   R$ 0,85
D2   Little League Chew  5 remaining   R$ 0,95
D3   Chiclets            5 remaining   R$ 0,75
D4   Triplemint          5 remaining   R$ 0,75
e_volta_menu: Retornando ao menu principal
menu_principal: Exibindo menu principal
menu_principal: Exibindo menu principal
menu_principal: Exibindo menu principal
e_escolhe_opcao1: Exibir inventÃ¡rio
A1   Potato Crisps       5 remaining   R$ 3,05
A2   Stackers            5 remaining   R$ 1,45
A3   Grain Waves         5 remaining   R$ 2,75
A4   Cloud Popcorn       5 remaining   R$ 3,65
B1   Moonpie             5 remaining   R$ 1,80
B2   Cowtales            5 remaining   R$ 1,50
B3   Wonka Bar           5 remaining   R$ 1,50
B4   Crunchie            5 remaining   R$ 1,75
C1   Cola                5 remaining   R$ 1,25
C2   Dr. Salt            5 remaining   R$ 1,50
C3   Mountain Melter     5 remaining   R$ 1,50
C4   Heavy               5 remaining   R$ 1,50
D1   U-Chews             5 remaining   R$ 0,85
D2   Little League Chew  5 remaining   R$ 0,95
D3   Chiclets            5 remaining   R$ 0,75
D4   Triplemint          5 remaining   R$ 0,75
exibir_itens: Listando novamente os itens
A1   Potato Crisps       5 remaining   R$ 3,05
A2   Stackers            5 remaining   R$ 1,45
A3   Grain Waves         5 remaining   R$ 2,75
A4   Cloud Popcorn       5 remaining   R$ 3,65
B1   Moonpie             5 remaining   R$ 1,80
B2   Cowtales            5 remaining   R$ 1,50
B3   Wonka Bar           5 remaining   R$ 1,50
B4   Crunchie            5 remaining   R$ 1,75
C1   Cola                5 remaining   R$ 1,25
C2   Dr. Salt            5 remaining   R$ 1,50
C3   Mountain Melter     5 remaining   R$ 1,50
C4   Heavy               5 remaining   R$ 1,50
D1   U-Chews             5 remaining   R$ 0,85
D2   Little League Chew  5 remaining   R$ 0,95
D3   Chiclets            5 remaining   R$ 0,75
D4   Triplemint          5 remaining   R$ 0,75
e_volta_menu: Retornando ao menu principal
menu_principal: Exibindo menu principal
menu_principal: Exibindo menu principal
menu_principal: Exibindo menu principal
e_escolhe_opcao1: Exibir inventÃ¡rio
A1   Potato Crisps       5 remaining   R$ 3,05
A2   Stackers            5 remaining   R$ 1,45
A3   Grain Waves         5 remaining   R$ 2,75
A4   Cloud Popcorn       5 remaining   R$ 3,65
B1   Moonpie             5 remaining   R$ 1,80
B2   Cowtales            5 remaining   R$ 1,50
B3   Wonka Bar           5 remaining   R$ 1,50
B4   Crunchie            5 remaining   R$ 1,75
C1   Cola                5 remaining   R$ 1,25
C2   Dr. Salt            5 remaining   R$ 1,50
C3   Mountain Melter     5 remaining   R$ 1,50
C4   Heavy               5 remaining   R$ 1,50
D1   U-Chews             5 remaining   R$ 0,85
D2   Little League Chew  5 remaining   R$ 0,95
D3   Chiclets            5 remaining   R$ 0,75
D4   Triplemint          5 remaining   R$ 0,75
exibir_itens: Listando novamente os itens
A1   Potato Crisps       5 remaining   R$ 3,05
A2   Stackers            5 remaining   R$ 1,45
A3   Grain Waves         5 remaining   R$ 2,75
A4   Cloud Popcorn       5 remaining   R$ 3,65
B1   Moonpie             5 remaining   R$ 1,80
B2   Cowtales            5 remaining   R$ 1,50
B3   Wonka Bar           5 remaining   R$ 1,50
B4   Crunchie            5 remaining   R$ 1,75
C1   Cola                5 remaining   R$ 1,25
C2   Dr. Salt            5 remaining   R$ 1,50
C3   Mountain Melter     5 remaining   R$ 1,50
C4   Heavy               5 remaining   R$ 1,50
D1   U-Chews             5 remaining   R$ 0,85
D2   Little League Chew  5 remaining   R$ 0,95
D3   Chiclets            5 remaining   R$ 0,75
D4   Triplemint          5 remaining   R$ 0,75
e_volta_menu: Retornando ao menu principal
menu_principal: Exibindo menu principal
e_escolhe_opcao3: Salvar relatÃ³rio de vendas
encerrar: PÃ³s-finalizaÃ§Ã£o
e_salva_sales_report: Confirmando geraÃ§Ã£o do relatÃ³rio
e_finalizar_programa: Encerrando aplicaÃ§Ã£o
fim: AplicaÃ§Ã£o encerrada
]]></system-out>
  </testcase>
  <testcase name="Teste127" classname="com.techelevator.TesteMaquinaVendasEdgeCoverage" time="0.007">
    <system-out><![CDATA[e_restart: Reiniciando sistema
menu_principal: Exibindo menu principal
e_escolhe_opcao2: Ir para menu de compra
menu_compra_inicio: Entrando no menu de compra
menu_compra: Entrou no menu de compra
e_escolhe_opcao2: Escolhendo a opcao 2
espera_produto: Esperando produto
e_insere_codigo_incorreto: Inserindo codigo incorreto: Z3
menu_compra: Entrou no menu de compra
menu_compra: Entrou no menu de compra
menu_compra: Entrou no menu de compra
e_escolhe_opcao3: Escolhendo a opcao 3
finaliza_acao: Finalizou acao
e_devolve_troco: Devolvendo troco
e_devolve_troco: Devolvendo troco: 0 quarters, 0 dimes, 0 nickels
menu_principal: Exibindo menu principal
menu_principal: Exibindo menu principal
e_escolhe_opcao2: Ir para menu de compra
menu_compra_inicio: Entrando no menu de compra
menu_compra: Entrou no menu de compra
e_escolhe_opcao2: Escolhendo a opcao 2
espera_produto: Esperando produto
e_insere_codigo: Inserindo codigo correto: A3 e o preÃ§o do produto e R$ 2,75
verifica_disponibilidade: Verifica disponibilidade
e_produto_disponivel: Verificando se Produto disponivel: 5
verifica_saldo: Verifica se saldo e suficiente
e_verifica_saldo_insuficiente: Verificando que saldo insuficiente sintetico: R$ 0,05 do original R$ 0,00 para preco de produto R$ 2,75
menu_compra: Entrou no menu de compra
menu_compra: Entrou no menu de compra
menu_compra: Entrou no menu de compra
e_escolhe_opcao1: Escolhendo a opcao 1
espera_moeda: Espera moeda
e_insere_quantia: Inserindo quantia valida de R$ 10,00
menu_compra: Entrou no menu de compra
e_escolhe_opcao1: Escolhendo a opcao 1
espera_moeda: Espera moeda
e_insere_quantia: Inserindo quantia valida de R$ 10,00
menu_compra: Entrou no menu de compra
e_escolhe_opcao2: Escolhendo a opcao 2
espera_produto: Esperando produto
e_insere_codigo: Inserindo codigo correto: A3 e o preÃ§o do produto e R$ 2,75
verifica_disponibilidade: Verifica disponibilidade
e_produto_disponivel: Verificando se Produto disponivel: 5
verifica_saldo: Verifica se saldo e suficiente
e_verifica_saldo: Verificando que saldo suficiente: R$ 20,00 para preco de produto R$ 2,75
libera_produto: Produto liberado
e_produtto_liberado: Liberando produto
menu_compra: Entrou no menu de compra
menu_compra: Entrou no menu de compra
menu_compra: Entrou no menu de compra
e_escolhe_opcao1: Escolhendo a opcao 1
espera_moeda: Espera moeda
e_insere_quantia: Inserindo quantia valida de R$ 10,00
menu_compra: Entrou no menu de compra
e_escolhe_opcao1: Escolhendo a opcao 1
espera_moeda: Espera moeda
e_insere_quantia: Inserindo quantia valida de R$ 10,00
menu_compra: Entrou no menu de compra
e_escolhe_opcao2: Escolhendo a opcao 2
espera_produto: Esperando produto
e_insere_codigo: Inserindo codigo correto: A3 e o preÃ§o do produto e R$ 2,75
verifica_disponibilidade: Verifica disponibilidade
e_produto_indisponivel: Verificando se Produto indisponivel verdadeiro: 4 numero sintetico: 0
menu_compra: Entrou no menu de compra
]]></system-out>
  </testcase>
  <testcase name="Teste10" classname="com.techelevator.TesteMaquinaVendasEdgeCoverage" time="0.021">
    <system-out><![CDATA[e_restart: Reiniciando sistema
menu_principal: Exibindo menu principal
e_escolhe_opcao1: Exibir inventÃ¡rio
A1   Potato Crisps       5 remaining   R$ 3,05
A2   Stackers            5 remaining   R$ 1,45
A3   Grain Waves         5 remaining   R$ 2,75
A4   Cloud Popcorn       5 remaining   R$ 3,65
B1   Moonpie             5 remaining   R$ 1,80
B2   Cowtales            5 remaining   R$ 1,50
B3   Wonka Bar           5 remaining   R$ 1,50
B4   Crunchie            5 remaining   R$ 1,75
C1   Cola                5 remaining   R$ 1,25
C2   Dr. Salt            5 remaining   R$ 1,50
C3   Mountain Melter     5 remaining   R$ 1,50
C4   Heavy               5 remaining   R$ 1,50
D1   U-Chews             5 remaining   R$ 0,85
D2   Little League Chew  5 remaining   R$ 0,95
D3   Chiclets            5 remaining   R$ 0,75
[...]
D2   Little League Chew  5 remaining   R$ 0,95
D3   Chiclets            5 remaining   R$ 0,75
D4   Triplemint          5 remaining   R$ 0,75
exibir_itens: Listando novamente os itens
A1   Potato Crisps       5 remaining   R$ 3,05
A2   Stackers            5 remaining   R$ 1,45
A3   Grain Waves         5 remaining   R$ 2,75
A4   Cloud Popcorn       5 remaining   R$ 3,65
B1   Moonpie             5 remaining   R$ 1,80
B2   Cowtales            5 remaining   R$ 1,50
B3   Wonka Bar           5 remaining   R$ 1,50
B4   Crunchie            5 remaining   R$ 1,75
C1   Cola                5 remaining   R$ 1,25
C2   Dr. Salt            5 remaining   R$ 1,50
C3   Mountain Melter     5 remaining   R$ 1,50
C4   Heavy               5 remaining   R$ 1,50
D1   U-Chews             5 remaining   R$ 0,85
D2   Little League Chew  5 remaining   R$ 0,95
D3   Chiclets            5 remaining   R$ 0,75
D4   Triplemint          5 remaining   R$ 0,75
e_volta_menu: Retornando ao menu principal
menu_principal: Exibindo menu principal
menu_principal: Exibindo menu principal
menu_principal: Exibindo menu principal
e_escolhe_opcao3: Salvar relatÃ³rio de vendas
encerrar: PÃ³s-finalizaÃ§Ã£o
e_salva_sales_report: Confirmando geraÃ§Ã£o do relatÃ³rio
e_finalizar_programa: Encerrando aplicaÃ§Ã£o
fim: AplicaÃ§Ã£o encerrada
]]></system-out>
  </testcase>
  <testcase name="Teste87" classname="com.techelevator.TesteMaquinaVendasEdgeCoverage" time="0.007">
    <system-out><![CDATA[e_restart: Reiniciando sistema
menu_principal: Exibindo menu principal
menu_principal: Exibindo menu principal
menu_principal: Exibindo menu principal
e_escolhe_opcao2: Ir para menu de compra
menu_compra_inicio: Entrando no menu de compra
menu_compra: Entrou no menu de compra
e_escolhe_opcao1: Escolhendo a opcao 1
espera_moeda: Espera moeda
e_insere_quantia: Inserindo quantia valida de R$ 10,00
menu_compra: Entrou no menu de compra
menu_compra: Entrou no menu de compra
menu_compra: Entrou no menu de compra
e_escolhe_opcao3: Escolhendo a opcao 3
finaliza_acao: Finalizou acao
e_devolve_troco: Devolvendo troco
e_devolve_troco: Devolvendo troco: 40 quarters, 0 dimes, 0 nickels
menu_principal: Exibindo menu principal
menu_principal: Exibindo menu principal
e_escolhe_opcao2: Ir para menu de compra
menu_compra_inicio: Entrando no menu de compra
menu_compra: Entrou no menu de compra
e_escolhe_opcao2: Escolhendo a opcao 2
espera_produto: Esperando produto
e_insere_codigo_incorreto: Inserindo codigo incorreto: Z3
menu_compra: Entrou no menu de compra
menu_compra: Entrou no menu de compra
menu_compra: Entrou no menu de compra
e_escolhe_opcao3: Escolhendo a opcao 3
finaliza_acao: Finalizou acao
e_devolve_troco: Devolvendo troco
e_devolve_troco: Devolvendo troco: 0 quarters, 0 dimes, 0 nickels
menu_principal: Exibindo menu principal
menu_principal: Exibindo menu principal
e_escolhe_opcao2: Ir para menu de compra
menu_compra_inicio: Entrando no menu de compra
menu_compra: Entrou no menu de compra
e_escolhe_opcao2: Escolhendo a opcao 2
espera_produto: Esperando produto
e_insere_codigo: Inserindo codigo correto: A3 e o preÃ§o do produto e R$ 2,75
verifica_disponibilidade: Verifica disponibilidade
e_produto_disponivel: Verificando se Produto disponivel: 5
verifica_saldo: Verifica se saldo e suficiente
e_verifica_saldo_insuficiente: Verificando que saldo insuficiente sintetico: R$ 0,05 do original R$ 0,00 para preco de produto R$ 2,75
menu_compra: Entrou no menu de compra
e_escolhe_opcao2: Escolhendo a opcao 2
espera_produto: Esperando produto
e_insere_codigo: Inserindo codigo correto: A3 e o preÃ§o do produto e R$ 2,75
verifica_disponibilidade: Verifica disponibilidade
e_produto_disponivel: Verificando se Produto disponivel: 5
verifica_saldo: Verifica se saldo e suficiente
e_verifica_saldo_insuficiente: Verificando que saldo insuficiente sintetico: R$ 0,05 do original R$ 0,00 para preco de produto R$ 2,75
menu_compra: Entrou no menu de compra
e_escolhe_opcao3: Escolhendo a opcao 3
finaliza_acao: Finalizou acao
e_devolve_troco: Devolvendo troco
e_devolve_troco: Devolvendo troco: 0 quarters, 0 dimes, 0 nickels
menu_principal: Exibindo menu principal
menu_principal: Exibindo menu principal
e_escolhe_opcao3: Salvar relatÃ³rio de vendas
encerrar: PÃ³s-finalizaÃ§Ã£o
e_salva_sales_report: Confirmando geraÃ§Ã£o do relatÃ³rio
e_finalizar_programa: Encerrando aplicaÃ§Ã£o
fim: AplicaÃ§Ã£o encerrada
]]></system-out>
  </testcase>
  <testcase name="Teste88" classname="com.techelevator.TesteMaquinaVendasEdgeCoverage" time="0.0">
    <system-out><![CDATA[e_restart: Reiniciando sistema
menu_principal: Exibindo menu principal
e_escolhe_opcao3: Salvar relatÃ³rio de vendas
encerrar: PÃ³s-finalizaÃ§Ã£o
e_salva_sales_report: Confirmando geraÃ§Ã£o do relatÃ³rio
e_finalizar_programa: Encerrando aplicaÃ§Ã£o
fim: AplicaÃ§Ã£o encerrada
]]></system-out>
  </testcase>
  <testcase name="Teste89" classname="com.techelevator.TesteMaquinaVendasEdgeCoverage" time="0.0">
    <system-out><![CDATA[e_restart: Reiniciando sistema
menu_principal: Exibindo menu principal
e_escolhe_opcao3: Salvar relatÃ³rio de vendas
encerrar: PÃ³s-finalizaÃ§Ã£o
e_salva_sales_report: Confirmando geraÃ§Ã£o do relatÃ³rio
e_finalizar_programa: Encerrando aplicaÃ§Ã£o
fim: AplicaÃ§Ã£o encerrada
]]></system-out>
  </testcase>
  <testcase name="Teste90" classname="com.techelevator.TesteMaquinaVendasEdgeCoverage" time="0.0">
    <system-out><![CDATA[e_restart: Reiniciando sistema
menu_principal: Exibindo menu principal
e_escolhe_opcao3: Salvar relatÃ³rio de vendas
encerrar: PÃ³s-finalizaÃ§Ã£o
e_salva_sales_report: Confirmando geraÃ§Ã£o do relatÃ³rio
e_finalizar_programa: Encerrando aplicaÃ§Ã£o
fim: AplicaÃ§Ã£o encerrada
]]></system-out>
  </testcase>
  <testcase name="Teste91" classname="com.techelevator.TesteMaquinaVendasEdgeCoverage" time="0.007">
    <system-out><![CDATA[e_restart: Reiniciando sistema
menu_principal: Exibindo menu principal
menu_principal: Exibindo menu principal
menu_principal: Exibindo menu principal
e_escolhe_opcao2: Ir para menu de compra
menu_compra_inicio: Entrando no menu de compra
menu_compra: Entrou no menu de compra
e_escolhe_opcao3: Escolhendo a opcao 3
finaliza_acao: Finalizou acao
e_devolve_troco: Devolvendo troco
e_devolve_troco: Devolvendo troco: 0 quarters, 0 dimes, 0 nickels
menu_principal: Exibindo menu principal
menu_principal: Exibindo menu principal
e_escolhe_opcao3: Salvar relatÃ³rio de vendas
encerrar: PÃ³s-finalizaÃ§Ã£o
e_salva_sales_report: Confirmando geraÃ§Ã£o do relatÃ³rio
e_finalizar_programa: Encerrando aplicaÃ§Ã£o
fim: AplicaÃ§Ã£o encerrada
]]></system-out>
  </testcase>
  <testcase name="Teste92" classname="com.techelevator.TesteMaquinaVendasEdgeCoverage" time="0.0">
    <system-out><![CDATA[e_restart: Reiniciando sistema
menu_principal: Exibindo menu principal
menu_principal: Exibindo menu principal
menu_principal: Exibindo menu principal
e_escolhe_opcao3: Salvar relatÃ³rio de vendas
encerrar: PÃ³s-finalizaÃ§Ã£o
e_salva_sales_report: Confirmando geraÃ§Ã£o do relatÃ³rio
e_finalizar_programa: Encerrando aplicaÃ§Ã£o
fim: AplicaÃ§Ã£o encerrada
]]></system-out>
  </testcase>
  <testcase name="Teste93" classname="com.techelevator.TesteMaquinaVendasEdgeCoverage" time="0.014">
    <system-out><![CDATA[e_restart: Reiniciando sistema
menu_principal: Exibindo menu principal
menu_principal: Exibindo menu principal
menu_principal: Exibindo menu principal
e_escolhe_opcao3: Salvar relatÃ³rio de vendas
encerrar: PÃ³s-finalizaÃ§Ã£o
e_salva_sales_report: Confirmando geraÃ§Ã£o do relatÃ³rio
e_finalizar_programa: Encerrando aplicaÃ§Ã£o
fim: AplicaÃ§Ã£o encerrada
]]></system-out>
  </testcase>
  <testcase name="Teste94" classname="com.techelevator.TesteMaquinaVendasEdgeCoverage" time="0.007">
    <system-out><![CDATA[e_restart: Reiniciando sistema
menu_principal: Exibindo menu principal
e_escolhe_opcao2: Ir para menu de compra
menu_compra_inicio: Entrando no menu de compra
menu_compra: Entrou no menu de compra
e_escolhe_opcao1: Escolhendo a opcao 1
espera_moeda: Espera moeda
e_insere_quantia: Inserindo quantia valida de R$ 10,00
menu_compra: Entrou no menu de compra
e_escolhe_opcao1: Escolhendo a opcao 1
espera_moeda: Espera moeda
e_insere_quantia: Inserindo quantia valida de R$ 10,00
menu_compra: Entrou no menu de compra
e_escolhe_opcao3: Escolhendo a opcao 3
finaliza_acao: Finalizou acao
e_devolve_troco: Devolvendo troco
e_devolve_troco: Devolvendo troco: 80 quarters, 0 dimes, 0 nickels
menu_principal: Exibindo menu principal
menu_principal: Exibindo menu principal
e_escolhe_opcao3: Salvar relatÃ³rio de vendas
encerrar: PÃ³s-finalizaÃ§Ã£o
e_salva_sales_report: Confirmando geraÃ§Ã£o do relatÃ³rio
e_finalizar_programa: Encerrando aplicaÃ§Ã£o
fim: AplicaÃ§Ã£o encerrada
]]></system-out>
  </testcase>
  <testcase name="Teste95" classname="com.techelevator.TesteMaquinaVendasEdgeCoverage" time="0.028">
    <system-out><![CDATA[e_restart: Reiniciando sistema
menu_principal: Exibindo menu principal
e_escolhe_opcao2: Ir para menu de compra
menu_compra_inicio: Entrando no menu de compra
menu_compra: Entrou no menu de compra
e_escolhe_opcao3: Escolhendo a opcao 3
finaliza_acao: Finalizou acao
e_devolve_troco: Devolvendo troco
e_devolve_troco: Devolvendo troco: 0 quarters, 0 dimes, 0 nickels
menu_principal: Exibindo menu principal
menu_principal: Exibindo menu principal
e_escolhe_opcao1: Exibir inventÃ¡rio
A1   Potato Crisps       5 remaining   R$ 3,05
A2   Stackers            5 remaining   R$ 1,45
A3   Grain Waves         5 remaining   R$ 2,75
A4   Cloud Popcorn       5 remaining   R$ 3,65
B1   Moonpie             5 remaining   R$ 1,80
B2   Cowtales            5 remaining   R$ 1,50
B3   Wonka Bar           5 remaining   R$ 1,50
B4   Crunchie            5 remaining   R$ 1,75
C1   Cola                5 remaining   R$ 1,25
C2   Dr. Salt            5 remaining   R$ 1,50
C3   Mountain Melter     5 remaining   R$ 1,50
C4   Heavy               5 remaining   R$ 1,50
D1   U-Chews             5 remaining   R$ 0,85
D2   Little League Chew  5 remaining   R$ 0,95
D3   Chiclets            5 remaining   R$ 0,75
D4   Triplemint          5 remaining   R$ 0,75
exibir_itens: Listando novamente os itens
A1   Potato Crisps       5 remaining   R$ 3,05
A2   Stackers            5 remaining   R$ 1,45
A3   Grain Waves         5 remaining   R$ 2,75
A4   Cloud Popcorn       5 remaining   R$ 3,65
B1   Moonpie             5 remaining   R$ 1,80
B2   Cowtales            5 remaining   R$ 1,50
B3   Wonka Bar           5 remaining   R$ 1,50
B4   Crunchie            5 remaining   R$ 1,75
C1   Cola                5 remaining   R$ 1,25
C2   Dr. Salt            5 remaining   R$ 1,50
C3   Mountain Melter     5 remaining   R$ 1,50
C4   Heavy               5 remaining   R$ 1,50
D1   U-Chews             5 remaining   R$ 0,85
D2   Little League Chew  5 remaining   R$ 0,95
D3   Chiclets            5 remaining   R$ 0,75
D4   Triplemint          5 remaining   R$ 0,75
e_volta_menu: Retornando ao menu principal
menu_principal: Exibindo menu principal
menu_principal: Exibindo menu principal
menu_principal: Exibindo menu principal
e_escolhe_opcao3: Salvar relatÃ³rio de vendas
encerrar: PÃ³s-finalizaÃ§Ã£o
e_salva_sales_report: Confirmando geraÃ§Ã£o do relatÃ³rio
e_finalizar_programa: Encerrando aplicaÃ§Ã£o
fim: AplicaÃ§Ã£o encerrada
]]></system-out>
  </testcase>
  <testcase name="Teste96" classname="com.techelevator.TesteMaquinaVendasEdgeCoverage" time="0.027">
    <system-out><![CDATA[e_restart: Reiniciando sistema
menu_principal: Exibindo menu principal
menu_principal: Exibindo menu principal
menu_principal: Exibindo menu principal
e_escolhe_opcao1: Exibir inventÃ¡rio
A1   Potato Crisps       5 remaining   R$ 3,05
A2   Stackers            5 remaining   R$ 1,45
A3   Grain Waves         5 remaining   R$ 2,75
A4   Cloud Popcorn       5 remaining   R$ 3,65
B1   Moonpie             5 remaining   R$ 1,80
B2   Cowtales            5 remaining   R$ 1,50
B3   Wonka Bar           5 remaining   R$ 1,50
B4   Crunchie            5 remaining   R$ 1,75
C1   Cola                5 remaining   R$ 1,25
C2   Dr. Salt            5 remaining   R$ 1,50
C3   Mountain Melter     5 remaining   R$ 1,50
C4   Heavy               5 remaining   R$ 1,50
D1   U-Chews             5 remaining   R$ 0,85
D2   Little League Chew  5 remaining   R$ 0,95
D3   Chiclets            5 remaining   R$ 0,75
D4   Triplemint          5 remaining   R$ 0,75
exibir_itens: Listando novamente os itens
A1   Potato Crisps       5 remaining   R$ 3,05
A2   Stackers            5 remaining   R$ 1,45
A3   Grain Waves         5 remaining   R$ 2,75
A4   Cloud Popcorn       5 remaining   R$ 3,65
B1   Moonpie             5 remaining   R$ 1,80
B2   Cowtales            5 remaining   R$ 1,50
B3   Wonka Bar           5 remaining   R$ 1,50
B4   Crunchie            5 remaining   R$ 1,75
C1   Cola                5 remaining   R$ 1,25
C2   Dr. Salt            5 remaining   R$ 1,50
C3   Mountain Melter     5 remaining   R$ 1,50
C4   Heavy               5 remaining   R$ 1,50
D1   U-Chews             5 remaining   R$ 0,85
D2   Little League Chew  5 remaining   R$ 0,95
D3   Chiclets            5 remaining   R$ 0,75
D4   Triplemint          5 remaining   R$ 0,75
e_volta_menu: Retornando ao menu principal
menu_principal: Exibindo menu principal
menu_principal: Exibindo menu principal
menu_principal: Exibindo menu principal
e_escolhe_opcao1: Exibir inventÃ¡rio
A1   Potato Crisps       5 remaining   R$ 3,05
A2   Stackers            5 remaining   R$ 1,45
A3   Grain Waves         5 remaining   R$ 2,75
A4   Cloud Popcorn       5 remaining   R$ 3,65
B1   Moonpie             5 remaining   R$ 1,80
B2   Cowtales            5 remaining   R$ 1,50
B3   Wonka Bar           5 remaining   R$ 1,50
B4   Crunchie            5 remaining   R$ 1,75
C1   Cola                5 remaining   R$ 1,25
C2   Dr. Salt            5 remaining   R$ 1,50
C3   Mountain Melter     5 remaining   R$ 1,50
C4   Heavy               5 remaining   R$ 1,50
D1   U-Chews             5 remaining   R$ 0,85
D2   Little League Chew  5 remaining   R$ 0,95
D3   Chiclets            5 remaining   R$ 0,75
D4   Triplemint          5 remaining   R$ 0,75
exibir_itens: Listando novamente os itens
A1   Potato Crisps       5 remaining   R$ 3,05
A2   Stackers            5 remaining   R$ 1,45
A3   Grain Waves         5 remaining   R$ 2,75
A4   Cloud Popcorn       5 remaining   R$ 3,65
B1   Moonpie             5 remaining   R$ 1,80
B2   Cowtales            5 remaining   R$ 1,50
B3   Wonka Bar           5 remaining   R$ 1,50
B4   Crunchie            5 remaining   R$ 1,75
C1   Cola                5 remaining   R$ 1,25
C2   Dr. Salt            5 remaining   R$ 1,50
C3   Mountain Melter     5 remaining   R$ 1,50
C4   Heavy               5 remaining   R$ 1,50
D1   U-Chews             5 remaining   R$ 0,85
D2   Little League Chew  5 remaining   R$ 0,95
D3   Chiclets            5 remaining   R$ 0,75
D4   Triplemint          5 remaining   R$ 0,75
e_volta_menu: Retornando ao menu principal
menu_principal: Exibindo menu principal
e_escolhe_opcao3: Salvar relatÃ³rio de vendas
encerrar: PÃ³s-finalizaÃ§Ã£o
e_salva_sales_report: Confirmando geraÃ§Ã£o do relatÃ³rio
e_finalizar_programa: Encerrando aplicaÃ§Ã£o
fim: AplicaÃ§Ã£o encerrada
]]></system-out>
  </testcase>
  <testcase name="Teste97" classname="com.techelevator.TesteMaquinaVendasEdgeCoverage" time="0.007">
    <system-out><![CDATA[e_restart: Reiniciando sistema
menu_principal: Exibindo menu principal
menu_principal: Exibindo menu principal
menu_principal: Exibindo menu principal
e_escolhe_opcao2: Ir para menu de compra
menu_compra_inicio: Entrando no menu de compra
menu_compra: Entrou no menu de compra
e_escolhe_opcao1: Escolhendo a opcao 1
espera_moeda: Espera moeda
e_insere_quantia: Inserindo quantia valida de R$ 10,00
menu_compra: Entrou no menu de compra
e_escolhe_opcao3: Escolhendo a opcao 3
finaliza_acao: Finalizou acao
e_devolve_troco: Devolvendo troco
e_devolve_troco: Devolvendo troco: 40 quarters, 0 dimes, 0 nickels
menu_principal: Exibindo menu principal
menu_principal: Exibindo menu principal
e_escolhe_opcao3: Salvar relatÃ³rio de vendas
encerrar: PÃ³s-finalizaÃ§Ã£o
e_salva_sales_report: Confirmando geraÃ§Ã£o do relatÃ³rio
e_finalizar_programa: Encerrando aplicaÃ§Ã£o
fim: AplicaÃ§Ã£o encerrada
]]></system-out>
  </testcase>
  <testcase name="Teste98" classname="com.techelevator.TesteMaquinaVendasEdgeCoverage" time="0.0">
    <system-out><![CDATA[e_restart: Reiniciando sistema
menu_principal: Exibindo menu principal
menu_principal: Exibindo menu principal
menu_principal: Exibindo menu principal
e_escolhe_opcao3: Salvar relatÃ³rio de vendas
encerrar: PÃ³s-finalizaÃ§Ã£o
e_salva_sales_report: Confirmando geraÃ§Ã£o do relatÃ³rio
e_finalizar_programa: Encerrando aplicaÃ§Ã£o
fim: AplicaÃ§Ã£o encerrada
]]></system-out>
  </testcase>
  <testcase name="Teste99" classname="com.techelevator.TesteMaquinaVendasEdgeCoverage" time="0.028">
    <system-out><![CDATA[e_restart: Reiniciando sistema
menu_principal: Exibindo menu principal
menu_principal: Exibindo menu principal
menu_principal: Exibindo menu principal
e_escolhe_opcao1: Exibir inventÃ¡rio
A1   Potato Crisps       5 remaining   R$ 3,05
A2   Stackers            5 remaining   R$ 1,45
A3   Grain Waves         5 remaining   R$ 2,75
A4   Cloud Popcorn       5 remaining   R$ 3,65
B1   Moonpie             5 remaining   R$ 1,80
B2   Cowtales            5 remaining   R$ 1,50
B3   Wonka Bar           5 remaining   R$ 1,50
B4   Crunchie            5 remaining   R$ 1,75
C1   Cola                5 remaining   R$ 1,25
C2   Dr. Salt            5 remaining   R$ 1,50
C3   Mountain Melter     5 remaining   R$ 1,50
C4   Heavy               5 remaining   R$ 1,50
D1   U-Chews             5 remaining   R$ 0,85
D2   Little League Chew  5 remaining   R$ 0,95
D3   Chiclets            5 remaining   R$ 0,75
D4   Triplemint          5 remaining   R$ 0,75
exibir_itens: Listando novamente os itens
A1   Potato Crisps       5 remaining   R$ 3,05
A2   Stackers            5 remaining   R$ 1,45
A3   Grain Waves         5 remaining   R$ 2,75
A4   Cloud Popcorn       5 remaining   R$ 3,65
B1   Moonpie             5 remaining   R$ 1,80
B2   Cowtales            5 remaining   R$ 1,50
B3   Wonka Bar           5 remaining   R$ 1,50
B4   Crunchie            5 remaining   R$ 1,75
C1   Cola                5 remaining   R$ 1,25
C2   Dr. Salt            5 remaining   R$ 1,50
C3   Mountain Melter     5 remaining   R$ 1,50
C4   Heavy               5 remaining   R$ 1,50
D1   U-Chews             5 remaining   R$ 0,85
D2   Little League Chew  5 remaining   R$ 0,95
D3   Chiclets            5 remaining   R$ 0,75
D4   Triplemint          5 remaining   R$ 0,75
e_volta_menu: Retornando ao menu principal
menu_principal: Exibindo menu principal
menu_principal: Exibindo menu principal
menu_principal: Exibindo menu principal
e_escolhe_opcao2: Ir para menu de compra
menu_compra_inicio: Entrando no menu de compra
menu_compra: Entrou no menu de compra
e_escolhe_opcao2: Escolhendo a opcao 2
espera_produto: Esperando produto
e_insere_codigo: Inserindo codigo correto: A3 e o preÃ§o do produto e R$ 2,75
verifica_disponibilidade: Verifica disponibilidade
e_produto_disponivel: Verificando se Produto disponivel: 5
verifica_saldo: Verifica se saldo e suficiente
e_verifica_saldo_insuficiente: Verificando que saldo insuficiente sintetico: R$ 0,05 do original R$ 0,00 para preco de produto R$ 2,75
menu_compra: Entrou no menu de compra
menu_compra: Entrou no menu de compra
menu_compra: Entrou no menu de compra
e_escolhe_opcao3: Escolhendo a opcao 3
finaliza_acao: Finalizou acao
e_devolve_troco: Devolvendo troco
e_devolve_troco: Devolvendo troco: 0 quarters, 0 dimes, 0 nickels
menu_principal: Exibindo menu principal
menu_principal: Exibindo menu principal
e_escolhe_opcao3: Salvar relatÃ³rio de vendas
encerrar: PÃ³s-finalizaÃ§Ã£o
e_salva_sales_report: Confirmando geraÃ§Ã£o do relatÃ³rio
e_finalizar_programa: Encerrando aplicaÃ§Ã£o
fim: AplicaÃ§Ã£o encerrada
]]></system-out>
  </testcase>
</testsuite>