<?xml version="1.0" encoding="UTF-8"?>
<testsuite xmlns:xsi="http://www.w3.org/2001/XMLSchema-instance" xsi:noNamespaceSchemaLocation="https://maven.apache.org/surefire/maven-surefire-plugin/xsd/surefire-test-report-3.0.xsd" version="3.0" name="com.techelevator.TesteMaquinaVendas" time="1.128" tests="6" errors="0" skipped="0" failures="0">
  <properties>
[...]
</properties>
  <testcase name="Teste1" classname="com.techelevator.TesteMaquinaVendas" time="0.013">
    <system-out><![CDATA[Menu principal exibido
Escolheu a opcao 2
Entra no menu de compra
Entrou no menu de compra
Escolheu a opÃ§Ã£o 3
Finalizou aÃ§Ã£o
Devolvendo troco
Entrou no menu principal
Menu principal exibido
Escolheu a opcao 2
Entra no menu de compra
Entrou no menu de compra
Escolheu a opÃ§Ã£o 1
Esperando moeda
Insere quantia vÃ¡lida
Entrou no menu de compra
Escolheu a opÃ§Ã£o 1
Esperando moeda
Insere quantia vÃ¡lida
Entrou no menu de compra
Entrou no menu de compra
Entrou no menu de compra
Escolheu a opÃ§Ã£o 3
Finalizou aÃ§Ã£o
Devolvendo troco
Entrou no menu principal
Menu principal exibido
Escolheu a opcao 2
Entra no menu de compra
Entrou no menu de compra
Escolheu a opÃ§Ã£o 3
Finalizou aÃ§Ã£o
Devolvendo troco
Entrou no menu principal
Menu principal exibido
Escolheu a opcao 2
Entra no menu de compra
Entrou no menu de compra
Escolheu a opÃ§Ã£o 2
Esperando produto
CÃ³digo inserido incorreto
Entrou no menu de compra
Escolheu a opÃ§Ã£o 2
Esperando produto
CÃ³digo inserido incorreto
Entrou no menu de compra
Escolheu a opÃ§Ã£o 1
Esperando moeda
Insere quantia vÃ¡lida
Entrou no menu de compra
Escolheu a opÃ§Ã£o 2
Esperando produto
CÃ³digo inserido incorreto
Entrou no menu de compra
Entrou no menu de compra
Entrou no menu de compra
Escolheu a opÃ§Ã£o 3
Finalizou aÃ§Ã£o
Devolvendo troco
Entrou no menu principal
Menu principal exibido
Escolheu a opcao 2
Entra no menu de compra
Entrou no menu de compra
Escolheu a opÃ§Ã£o 3
Finalizou aÃ§Ã£o
Devolvendo troco
Entrou no menu principal
Menu principal exibido
Escolheu a opcao 3
Encerra
Salvou o Sales Report
Salva Sales Report
Finalizou o programa
Encerra o programa
]]></system-out>
    <system-err><![CDATA[SLF4J(W): No SLF4J providers were found.
SLF4J(W): Defaulting to no-operation (NOP) logger implementation
SLF4J(W): See https://www.slf4j.org/codes.html#noProviders for further details.
]]></system-err>
  </testcase>
  <testcase name="Teste2" classname="com.techelevator.TesteMaquinaVendas" time="0.04">
    <system-out><![CDATA[Abriu novamente o programa
Menu principal exibido
Menu principal exibido
Menu principal exibido
Fechou o programa
Exibe itens
Voltou no menu
Menu principal exibido
Fechou o programa
Exibe itens
Voltou no menu
Menu principal exibido
Menu principal exibido
Menu principal exibido
Escolheu a opcao 3
Encerra
Salvou o Sales Report
Salva Sales Report
Finalizou o programa
Encerra o programa
]]></system-out>
  </testcase>
  <testcase name="Teste3" classname="com.techelevator.TesteMaquinaVendas" time="0.036">
    <system-out><![CDATA[Abriu novamente o programa
Menu principal exibido
Menu principal exibido
Menu principal exibido
Fechou o programa
Exibe itens
Voltou no menu
Menu principal exibido
Escolheu a opcao 2
Entra no menu de compra
Entrou no menu de compra
Escolheu a opÃ§Ã£o 1
Esperando moeda
Insere quantia invÃ¡lida
Entrou no menu de compra
Entrou no menu de compra
Entrou no menu de compra
Escolheu a opÃ§Ã£o 2
Esperando produto
CÃ³digo inserido
Verificando disponibilidade
Produto disponÃ­vel
Verificando saldo
Saldo verificado
Entrou no menu de compra
Entrou no menu de compra
Entrou no menu de compra
Escolheu a opÃ§Ã£o 2
Esperando produto
CÃ³digo inserido
Verificando disponibilidade
Produto disponÃ­vel
Verificando saldo
Saldo verificado
Entrou no menu de compra
Entrou no menu de compra
Entrou no menu de compra
Escolheu a opÃ§Ã£o 2
Esperando produto
CÃ³digo inserido
Verificando disponibilidade
Produto disponÃ­vel
Verificando saldo
Saldo verificado
Entrou no menu de compra
Entrou no menu de compra
Entrou no menu de compra
Escolheu a opÃ§Ã£o 2
Esperando produto
CÃ³digo inserido
Verificando disponibilidade
Produto disponÃ­vel
Verificando saldo
Saldo verificado
Entrou no menu de compra
Escolheu a opÃ§Ã£o 3
Finalizou aÃ§Ã£o
Devolvendo troco
Entrou no menu principal
Menu principal exibido
Fechou o programa
Exibe itens
Voltou no menu
Menu principal exibido
Escolheu a opcao 3
Encerra
Salvou o Sales Report
Salva Sales Report
Finalizou o programa
Encerra o programa
]]></system-out>
  </testcase>
  <testcase name="Teste4" classname="com.techelevator.TesteMaquinaVendas" time="0.027">
    <system-out><![CDATA[Abriu novamente o programa
Menu principal exibido
Escolheu a opcao 2
Entra no menu de compra
Entrou no menu de compra
Escolheu a opÃ§Ã£o 2
Esperando produto
CÃ³digo inserido
Verificando disponibilidade
Produto disponÃ­vel
Verificando saldo
Saldo verificado
Entrou no menu de compra
Entrou no menu de compra
Entrou no menu de compra
Escolheu a opÃ§Ã£o 2
Esperando produto
CÃ³digo inserido
Verificando disponibilidade
Produto disponÃ­vel
Verificando saldo
Saldo verificado
Entrou no menu de compra
Entrou no menu de compra
Entrou no menu de compra
Escolheu a opÃ§Ã£o 3
Finalizou aÃ§Ã£o
Devolvendo troco
Entrou no menu principal
Menu principal exibido
Escolheu a opcao 3
Encerra
Salvou o Sales Report
Salva Sales Report
Finalizou o programa
Encerra o programa
]]></system-out>
  </testcase>
  <testcase name="Teste5" classname="com.techelevator.TesteMaquinaVendas" time="0.02">
    <system-out><![CDATA[Abriu novamente o programa
Menu principal exibido
Escolheu a opcao 3
Encerra
Salvou o Sales Report
Salva Sales Report
Finalizou o programa
Encerra o programa
]]></system-out>
  </testcase>
  <testcase name="Teste6" classname="com.techelevator.TesteMaquinaVendas" time="0.037">
    <system-out><![CDATA[Abriu novamente o programa
Menu principal exibido
Fechou o programa
Exibe itens
Voltou no menu
Menu principal exibido
Escolheu a opcao 2
Entra no menu de compra
Entrou no menu de compra
Escolheu a opÃ§Ã£o 1
Esperando moeda
Insere quantia invÃ¡lida
Entrou no menu de compra
Escolheu a opÃ§Ã£o 2
Esperando produto
CÃ³digo inserido incorreto
Entrou no menu de compra
Escolheu a opÃ§Ã£o 3
Finalizou aÃ§Ã£o
Devolvendo troco
Entrou no menu principal
Menu principal exibido
Escolheu a opcao 2
Entrou no menu de compra
Escolheu a opÃ§Ã£o 1
Esperando moeda
Insere quantia vÃ¡lida
Entrou no menu de compra
Entrou no menu de compra
Entrou no menu de compra
Escolheu a opÃ§Ã£o 2
Esperando produto
CÃ³digo inserido incorreto
Entrou no menu de compra
Escolheu a opÃ§Ã£o 2
Esperando produto
CÃ³digo inserido incorreto
Entrou no menu de compra
Entrou no menu de compra
Entrou no menu de compra
Escolheu a opÃ§Ã£o 2
Esperando produto
CÃ³digo inserido incorreto
Entrou no menu de compra
Escolheu a opÃ§Ã£o 1
Esperando moeda
Insere quantia vÃ¡lida
Entrou no menu de compra
Entrou no menu de compra
Entrou no menu de compra
Escolheu a opÃ§Ã£o 2
Esperando produto
CÃ³digo inserido incorreto
Entrou no menu de compra
Escolheu a opÃ§Ã£o 1
Esperando moeda
Insere quantia vÃ¡lida
Entrou no menu de compra
Entrou no menu de compra
Entrou no menu de compra
Escolheu a opÃ§Ã£o 3
Finalizou aÃ§Ã£o
Devolvendo troco
Entrou no menu principal
Menu principal exibido
Escolheu a opcao 2
Entrou no menu de compra
Escolheu a opÃ§Ã£o 3
Finalizou aÃ§Ã£o
Devolvendo troco
Entrou no menu principal
Menu principal exibido
Escolheu a opcao 2
Entrou no menu de compra
Escolheu a opÃ§Ã£o 1
Esperando moeda
Insere quantia vÃ¡lida
Entrou no menu de compra
Entrou no menu de compra
Entrou no menu de compra
Escolheu a opÃ§Ã£o 1
Esperando moeda
Insere quantia invÃ¡lida
Entrou no menu de compra
Escolheu a opÃ§Ã£o 1
Esperando moeda
Insere quantia invÃ¡lida
Entrou no menu de compra
Escolheu a opÃ§Ã£o 2
Esperando produto
CÃ³digo inserido
Verificando disponibilidade
Produto disponÃ­vel
Verificando saldo
Saldo verificado
Produto liberado
]]></system-out>
  </testcase>
</testsuite>