<?xml version="1.0" encoding="UTF-8" ?>
<testsuite tests="6" failures="0" name="com.techelevator.TesteMaquinaVendas" time="0.021" errors="0" skipped="0">
  <properties>
[...]
</properties>
  <testcase classname="com.techelevator.TesteMaquinaVendas" name="Teste1" time="0.006"/>
  <testcase classname="com.techelevator.TesteMaquinaVendas" name="Teste2" time="0.001"/>
  <testcase classname="com.techelevator.TesteMaquinaVendas" name="Teste3" time="0.009"/>
  <testcase classname="com.techelevator.TesteMaquinaVendas" name="Teste4" time="0.002"/>
  <testcase classname="com.techelevator.TesteMaquinaVendas" name="Teste5" time="0.001"/>
  <testcase classname="com.techelevator.TesteMaquinaVendas" name="Teste6" time="0.002"/>
</testsuite>